<?xml version="1.0" encoding="UTF-8"?>
<!-- Generated by org.testng.reporters.JUnitXMLReporter -->
<testsuite ignored="2" hostname="Shishirs-MBP" failures="0" tests="2" name="Default test" time="29.628" errors="0" timestamp="2024-01-24T19:31:23 GMT-05:00">
  <testcase classname="selenium.ErrorValidation" name="productValidationTest" time="5.483"/>
  <testcase classname="selenium.ErrorValidation" name="productValidationTest" time="5.558"/>
  <testcase classname="selenium.ErrorValidation" name="loginValidationTest" time="0.0">
    <ignored/>
  </testcase> <!-- loginValidationTest -->
  <testcase classname="selenium.ErrorValidation" name="orderValidation" time="0.0">
    <ignored/>
  </testcase> <!-- orderValidation -->
</testsuite> <!-- Default test -->
