<?xml version="1.0" encoding="UTF-8"?>
<!-- Generated by org.testng.reporters.JUnitXMLReporter -->
<testsuite ignored="1" hostname="Shishirs-MBP" failures="0" tests="2" name="Default test" time="22.713" errors="0" timestamp="2024-01-23T17:25:04 GMT-05:00">
  <testcase classname="selenium.ErrorValidation" name="productValidationTest" time="5.562"/>
  <testcase classname="selenium.ErrorValidation" name="orderValidation" time="1.541"/>
  <testcase classname="selenium.ErrorValidation" name="loginValidationTest" time="0.0">
    <ignored/>
  </testcase> <!-- loginValidationTest -->
</testsuite> <!-- Default test -->
