<?xml version="1.0" encoding="UTF-8"?>
<!-- Generated by org.testng.reporters.JUnitXMLReporter -->
<testsuite ignored="0" hostname="Shishirs-MBP" failures="0" tests="5" name="ErrorValidation" time="71.26" errors="0" timestamp="2024-01-23T20:24:20 GMT-05:00">
  <testcase classname="selenium.ErrorValidation" name="productValidationTest" time="6.153"/>
  <testcase classname="selenium.ErrorValidation" name="productValidationTest" time="5.668"/>
  <testcase classname="selenium.ErrorValidation" name="productValidationTest" time="5.648"/>
  <testcase classname="selenium.ErrorValidation" name="loginValidationTest" time="1.367"/>
  <testcase classname="selenium.ErrorValidation" name="orderValidation" time="1.734"/>
</testsuite> <!-- ErrorValidation -->
