<?xml version="1.0" encoding="UTF-8"?>
<!-- Generated by org.testng.reporters.JUnitXMLReporter -->
<testsuite ignored="0" hostname="Shishirs-MBP" failures="0" tests="4" name="ErrorValidation" time="69.721" errors="0" timestamp="2024-01-29T16:32:32 GMT-05:00">
  <testcase classname="selenium.ErrorValidation" name="productValidationTest" time="5.332"/>
  <testcase classname="selenium.ErrorValidation" name="productValidationTest" time="4.739"/>
  <testcase classname="selenium.ErrorValidation" name="loginValidationTest" time="0.0">
    <skipped/>
  </testcase> <!-- loginValidationTest -->
  <testcase classname="selenium.ErrorValidation" name="orderValidation" time="0.0">
    <skipped/>
  </testcase> <!-- orderValidation -->
</testsuite> <!-- ErrorValidation -->
