<?xml version="1.0" encoding="UTF-8"?>
<!-- Generated by org.testng.reporters.JUnitXMLReporter -->
<testsuite ignored="0" hostname="Shishirs-MBP" failures="0" tests="4" name="ErrorValidation" time="215.308" errors="0" timestamp="2024-02-01T11:23:44 GMT-05:00">
  <testcase classname="selenium.ErrorValidation" name="productValidationTest" time="19.806"/>
  <testcase classname="selenium.ErrorValidation" name="productValidationTest" time="4.998"/>
  <testcase classname="selenium.ErrorValidation" name="loginValidationTest" time="0.619"/>
  <testcase classname="selenium.ErrorValidation" name="orderValidation" time="1.164"/>
</testsuite> <!-- ErrorValidation -->
