<?xml version="1.0" encoding="UTF-8"?>
<testsuite xmlns:xsi="http://www.w3.org/2001/XMLSchema-instance" xsi:noNamespaceSchemaLocation="https://maven.apache.org/surefire/maven-surefire-plugin/xsd/surefire-test-report-3.0.xsd" version="3.0" name="TestSuite" time="256.593" tests="5" errors="0" skipped="0" failures="0">
  <properties>
[...]
</properties>
  <testcase name="productValidationTest[{password=12345678A@a, product=ZARA COAT 3, email=michaelscott@gmail.com}](1)" classname="selenium.ErrorValidation" time="20.175">
    <system-out><![CDATA[11:20:02.575 [main] DEBUG org.testng.TestNG -- suiteXmlPath: "/Users/shishir/eclipse-workspace/Selenium/testng.xml"
11:20:04.927 [main] DEBUG io.github.bonigarcia.wdm.WebDriverManager -- Using WebDriverManager 5.6.3
11:20:06.066 [main] DEBUG io.github.bonigarcia.wdm.cache.ResolutionCache -- Removing resolution firefox=122 from cache (expired on Tue Jan 30 16:25:38 EST 2024)
11:20:06.196 [main] DEBUG org.apache.hc.client5.http.impl.classic.InternalHttpClient -- ex-0000000001 preparing request execution
11:20:06.227 [main] DEBUG org.apache.hc.client5.http.impl.classic.ProtocolExec -- ex-0000000001 target auth state: UNCHALLENGED
11:20:06.228 [main] DEBUG org.apache.hc.client5.http.impl.classic.ProtocolExec -- ex-0000000001 proxy auth state: UNCHALLENGED
11:20:06.229 [main] DEBUG org.apache.hc.client5.http.impl.classic.ConnectExec -- ex-0000000001 acquiring connection with route {s}->https://raw.githubusercontent.com:443
11:20:06.229 [main] DEBUG org.apache.hc.client5.http.impl.classic.InternalHttpClient -- ex-0000000001 acquiring endpoint (3 MINUTES)
11:20:06.230 [main] DEBUG org.apache.hc.client5.http.impl.io.PoolingHttpClientConnectionManager -- ex-0000000001 endpoint lease request (3 MINUTES) [route: {s}->https://raw.githubusercontent.com:443][total available: 0; route allocated: 0 of 5; total allocated: 0 of 25]
11:20:06.237 [main] DEBUG org.apache.hc.client5.http.impl.io.PoolingHttpClientConnectionManager -- ex-0000000001 endpoint leased [route: {s}->https://raw.githubusercontent.com:443][total available: 0; route allocated: 1 of 5; total allocated: 1 of 25]
11:20:06.252 [main] DEBUG org.apache.hc.client5.http.impl.io.PoolingHttpClientConnectionManager -- ex-0000000001 acquired ep-0000000001
11:20:06.253 [main] DEBUG org.apache.hc.client5.http.impl.classic.InternalHttpClient -- ex-0000000001 acquired endpoint ep-0000000001
11:20:06.253 [main] DEBUG org.apache.hc.client5.http.impl.classic.ConnectExec -- ex-0000000001 opening connection {s}->https://raw.githubusercontent.com:443
11:20:06.254 [main] DEBUG org.apache.hc.client5.http.impl.classic.InternalHttpClient -- ep-0000000001 connecting endpoint (null)
11:20:06.258 [main] DEBUG org.apache.hc.client5.http.impl.io.PoolingHttpClientConnectionManager -- ep-0000000001 connecting endpoint to https://raw.githubusercontent.com:443 (30 SECONDS)
11:20:06.258 [main] DEBUG org.apache.hc.client5.http.impl.io.DefaultHttpClientConnectionOperator -- raw.githubusercontent.com resolving remote address
11:20:06.277 [main] DEBUG org.apache.hc.client5.http.impl.io.DefaultHttpClientConnectionOperator -- raw.githubusercontent.com resolved to [raw.githubusercontent.com/185.199.111.133, raw.githubusercontent.com/185.199.108.133, raw.githubusercontent.com/185.199.109.133, raw.githubusercontent.com/185.199.110.133, raw.githubusercontent.com/2606:50c0:8002:0:0:0:0:154, raw.githubusercontent.com/2606:50c0:8001:0:0:0:0:154, raw.githubusercontent.com/2606:50c0:8000:0:0:0:0:154, raw.githubusercontent.com/2606:50c0:8003:0:0:0:0:154]
11:20:06.296 [main] DEBUG org.apache.hc.client5.http.impl.io.DefaultHttpClientConnectionOperator -- raw.githubusercontent.com:443 connecting null->raw.githubusercontent.com/185.199.111.133:443 (30 SECONDS)
11:20:06.297 [main] DEBUG org.apache.hc.client5.http.ssl.SSLConnectionSocketFactory -- Connecting socket to raw.githubusercontent.com/185.199.111.133:443 with timeout 30 SECONDS
11:20:06.395 [main] DEBUG org.apache.hc.client5.http.ssl.SSLConnectionSocketFactory -- Enabled protocols: [TLSv1.3, TLSv1.2]
11:20:06.395 [main] DEBUG org.apache.hc.client5.http.ssl.SSLConnectionSocketFactory -- Enabled cipher suites: [TLS_AES_256_GCM_SHA384, TLS_AES_128_GCM_SHA256, TLS_CHACHA20_POLY1305_SHA256, TLS_ECDHE_ECDSA_WITH_AES_256_GCM_SHA384, TLS_ECDHE_ECDSA_WITH_AES_128_GCM_SHA256, TLS_ECDHE_ECDSA_WITH_CHACHA20_POLY1305_SHA256, TLS_ECDHE_RSA_WITH_AES_256_GCM_SHA384, TLS_ECDHE_RSA_WITH_CHACHA20_POLY1305_SHA256, TLS_ECDHE_RSA_WITH_AES_128_GCM_SHA256, TLS_DHE_RSA_WITH_AES_256_GCM_SHA384, TLS_DHE_RSA_WITH_CHACHA20_POLY1305_SHA256, TLS_DHE_DSS_WITH_AES_256_GCM_SHA384, TLS_DHE_RSA_WITH_AES_128_GCM_SHA256, TLS_DHE_DSS_WITH_AES_128_GCM_SHA256, TLS_ECDHE_ECDSA_WITH_AES_256_CBC_SHA384, TLS_ECDHE_RSA_WITH_AES_256_CBC_SHA384, TLS_ECDHE_ECDSA_WITH_AES_128_CBC_SHA256, TLS_ECDHE_RSA_WITH_AES_128_CBC_SHA256, TLS_DHE_RSA_WITH_AES_256_CBC_SHA256, TLS_DHE_DSS_WITH_AES_256_CBC_SHA256, TLS_DHE_RSA_WITH_AES_128_CBC_SHA256, TLS_DHE_DSS_WITH_AES_128_CBC_SHA256, TLS_ECDHE_ECDSA_WITH_AES_256_CBC_SHA, TLS_ECDHE_RSA_WITH_AES_256_CBC_SHA, TLS_ECDHE_ECDSA_WITH_AES_128_CBC_SHA, TLS_ECDHE_RSA_WITH_AES_128_CBC_SHA, TLS_DHE_RSA_WITH_AES_256_CBC_SHA, TLS_DHE_DSS_WITH_AES_256_CBC_SHA, TLS_DHE_RSA_WITH_AES_128_CBC_SHA, TLS_DHE_DSS_WITH_AES_128_CBC_SHA, TLS_RSA_WITH_AES_256_GCM_SHA384, TLS_RSA_WITH_AES_128_GCM_SHA256, TLS_RSA_WITH_AES_256_CBC_SHA256, TLS_RSA_WITH_AES_128_CBC_SHA256, TLS_RSA_WITH_AES_256_CBC_SHA, TLS_RSA_WITH_AES_128_CBC_SHA, TLS_EMPTY_RENEGOTIATION_INFO_SCSV]
11:20:06.396 [main] DEBUG org.apache.hc.client5.http.ssl.SSLConnectionSocketFactory -- Starting handshake (null)
11:20:06.713 [main] DEBUG org.apache.hc.client5.http.ssl.SSLConnectionSocketFactory -- Secure session established
11:20:06.714 [main] DEBUG org.apache.hc.client5.http.ssl.SSLConnectionSocketFactory --  negotiated protocol: TLSv1.3
11:20:06.714 [main] DEBUG org.apache.hc.client5.http.ssl.SSLConnectionSocketFactory --  negotiated cipher suite: TLS_AES_128_GCM_SHA256
11:20:06.715 [main] DEBUG org.apache.hc.client5.http.ssl.SSLConnectionSocketFactory --  peer principal: CN=*.github.io, O="GitHub, Inc.", L=San Francisco, ST=California, C=US
11:20:06.720 [main] DEBUG org.apache.hc.client5.http.ssl.SSLConnectionSocketFactory --  peer alternative names: [*.github.io, github.io, *.github.com, github.com, www.github.com, *.githubusercontent.com, githubusercontent.com]
11:20:06.721 [main] DEBUG org.apache.hc.client5.http.ssl.SSLConnectionSocketFactory --  issuer principal: CN=DigiCert TLS RSA SHA256 2020 CA1, O=DigiCert Inc, C=US
11:20:06.722 [main] DEBUG org.apache.hc.client5.http.impl.io.DefaultManagedHttpClientConnection -- http-outgoing-0 set socket timeout to 3 MINUTES
11:20:06.722 [main] DEBUG org.apache.hc.client5.http.impl.io.DefaultHttpClientConnectionOperator -- raw.githubusercontent.com:443 connected null->raw.githubusercontent.com/185.199.111.133:443 as http-outgoing-0
11:20:06.723 [main] DEBUG org.apache.hc.client5.http.impl.io.PoolingHttpClientConnectionManager -- ep-0000000001 connected http-outgoing-0
11:20:06.723 [main] DEBUG org.apache.hc.client5.http.impl.classic.InternalHttpClient -- ep-0000000001 endpoint connected
11:20:06.724 [main] DEBUG org.apache.hc.client5.http.impl.classic.MainClientExec -- ex-0000000001 executing GET /bonigarcia/webdrivermanager/master/src/main/resources/commands.properties HTTP/1.1
11:20:06.725 [main] DEBUG org.apache.hc.client5.http.protocol.RequestAddCookies -- ex-0000000001 Cookie spec selected: strict
11:20:06.756 [main] DEBUG org.apache.hc.client5.http.impl.classic.InternalHttpClient -- ep-0000000001 start execution ex-0000000001
11:20:06.756 [main] DEBUG org.apache.hc.client5.http.impl.io.PoolingHttpClientConnectionManager -- ep-0000000001 executing exchange ex-0000000001 over http-outgoing-0
11:20:06.757 [main] DEBUG org.apache.hc.client5.http.headers -- http-outgoing-0 >> GET /bonigarcia/webdrivermanager/master/src/main/resources/commands.properties HTTP/1.1
11:20:06.757 [main] DEBUG org.apache.hc.client5.http.headers -- http-outgoing-0 >> user-agent: Apache-HttpClient/5.0
11:20:06.758 [main] DEBUG org.apache.hc.client5.http.headers -- http-outgoing-0 >> accept-encoding: gzip, deflate, br
11:20:06.758 [main] DEBUG org.apache.hc.client5.http.headers -- http-outgoing-0 >> cache-control: max-age=0
11:20:06.758 [main] DEBUG org.apache.hc.client5.http.headers -- http-outgoing-0 >> connection: keep-alive
11:20:06.758 [main] DEBUG org.apache.hc.client5.http.headers -- http-outgoing-0 >> Host: raw.githubusercontent.com
11:20:06.758 [main] DEBUG org.apache.hc.client5.http.wire -- http-outgoing-0 >> "GET /bonigarcia/webdrivermanager/master/src/main/resources/commands.properties HTTP/1.1[\r][\n]"
11:20:06.758 [main] DEBUG org.apache.hc.client5.http.wire -- http-outgoing-0 >> "user-agent: Apache-HttpClient/5.0[\r][\n]"
11:20:06.758 [main] DEBUG org.apache.hc.client5.http.wire -- http-outgoing-0 >> "accept-encoding: gzip, deflate, br[\r][\n]"
11:20:06.759 [main] DEBUG org.apache.hc.client5.http.wire -- http-outgoing-0 >> "cache-control: max-age=0[\r][\n]"
11:20:06.759 [main] DEBUG org.apache.hc.client5.http.wire -- http-outgoing-0 >> "connection: keep-alive[\r][\n]"
11:20:06.759 [main] DEBUG org.apache.hc.client5.http.wire -- http-outgoing-0 >> "Host: raw.githubusercontent.com[\r][\n]"
11:20:06.759 [main] DEBUG org.apache.hc.client5.http.wire -- http-outgoing-0 >> "[\r][\n]"
11:20:06.769 [main] DEBUG org.apache.hc.client5.http.wire -- http-outgoing-0 << "HTTP/1.1 200 OK[\r][\n]"
11:20:06.769 [main] DEBUG org.apache.hc.client5.http.wire -- http-outgoing-0 << "Connection: keep-alive[\r][\n]"
11:20:06.770 [main] DEBUG org.apache.hc.client5.http.wire -- http-outgoing-0 << "Content-Length: 723[\r][\n]"
11:20:06.770 [main] DEBUG org.apache.hc.client5.http.wire -- http-outgoing-0 << "Cache-Control: max-age=300[\r][\n]"
11:20:06.770 [main] DEBUG org.apache.hc.client5.http.wire -- http-outgoing-0 << "Content-Security-Policy: default-src 'none'; style-src 'unsafe-inline'; sandbox[\r][\n]"
11:20:06.770 [main] DEBUG org.apache.hc.client5.http.wire -- http-outgoing-0 << "Content-Type: text/plain; charset=utf-8[\r][\n]"
11:20:06.770 [main] DEBUG org.apache.hc.client5.http.wire -- http-outgoing-0 << "ETag: W/"e82b438271e9e8680c688b0b680efd0bdd22faa6d6f0a32fc1fd8accc486b67e"[\r][\n]"
11:20:06.770 [main] DEBUG org.apache.hc.client5.http.wire -- http-outgoing-0 << "Strict-Transport-Security: max-age=31536000[\r][\n]"
11:20:06.770 [main] DEBUG org.apache.hc.client5.http.wire -- http-outgoing-0 << "X-Content-Type-Options: nosniff[\r][\n]"
11:20:06.771 [main] DEBUG org.apache.hc.client5.http.wire -- http-outgoing-0 << "X-Frame-Options: deny[\r][\n]"
11:20:06.771 [main] DEBUG org.apache.hc.client5.http.wire -- http-outgoing-0 << "X-XSS-Protection: 1; mode=block[\r][\n]"
11:20:06.771 [main] DEBUG org.apache.hc.client5.http.wire -- http-outgoing-0 << "X-GitHub-Request-Id: F08E:604A:2F72CD:390483:65B0E38C[\r][\n]"
11:20:06.771 [main] DEBUG org.apache.hc.client5.http.wire -- http-outgoing-0 << "Content-Encoding: gzip[\r][\n]"
11:20:06.772 [main] DEBUG org.apache.hc.client5.http.wire -- http-outgoing-0 << "Accept-Ranges: bytes[\r][\n]"
11:20:06.772 [main] DEBUG org.apache.hc.client5.http.wire -- http-outgoing-0 << "Date: Thu, 01 Feb 2024 16:20:06 GMT[\r][\n]"
11:20:06.772 [main] DEBUG org.apache.hc.client5.http.wire -- http-outgoing-0 << "Via: 1.1 varnish[\r][\n]"
11:20:06.772 [main] DEBUG org.apache.hc.client5.http.wire -- http-outgoing-0 << "X-Served-By: cache-yyz4570-YYZ[\r][\n]"
11:20:06.773 [main] DEBUG org.apache.hc.client5.http.wire -- http-outgoing-0 << "X-Cache: HIT[\r][\n]"
11:20:06.773 [main] DEBUG org.apache.hc.client5.http.wire -- http-outgoing-0 << "X-Cache-Hits: 1[\r][\n]"
11:20:06.773 [main] DEBUG org.apache.hc.client5.http.wire -- http-outgoing-0 << "X-Timer: S1706804407.765119,VS0,VE1[\r][\n]"
11:20:06.773 [main] DEBUG org.apache.hc.client5.http.wire -- http-outgoing-0 << "Vary: Authorization,Accept-Encoding,Origin[\r][\n]"
11:20:06.774 [main] DEBUG org.apache.hc.client5.http.wire -- http-outgoing-0 << "Access-Control-Allow-Origin: *[\r][\n]"
11:20:06.774 [main] DEBUG org.apache.hc.client5.http.wire -- http-outgoing-0 << "Cross-Origin-Resource-Policy: cross-origin[\r][\n]"
11:20:06.774 [main] DEBUG org.apache.hc.client5.http.wire -- http-outgoing-0 << "X-Fastly-Request-ID: d2e1af841c7000916cc5835a458e64c3d221ac2d[\r][\n]"
11:20:06.774 [main] DEBUG org.apache.hc.client5.http.wire -- http-outgoing-0 << "Expires: Thu, 01 Feb 2024 16:25:06 GMT[\r][\n]"
11:20:06.774 [main] DEBUG org.apache.hc.client5.http.wire -- http-outgoing-0 << "Source-Age: 189[\r][\n]"
11:20:06.774 [main] DEBUG org.apache.hc.client5.http.wire -- http-outgoing-0 << "[\r][\n]"
11:20:06.777 [main] DEBUG org.apache.hc.client5.http.headers -- http-outgoing-0 << HTTP/1.1 200 OK
11:20:06.778 [main] DEBUG org.apache.hc.client5.http.headers -- http-outgoing-0 << Connection: keep-alive
11:20:06.778 [main] DEBUG org.apache.hc.client5.http.headers -- http-outgoing-0 << Content-Length: 723
11:20:06.778 [main] DEBUG org.apache.hc.client5.http.headers -- http-outgoing-0 << Cache-Control: max-age=300
11:20:06.778 [main] DEBUG org.apache.hc.client5.http.headers -- http-outgoing-0 << Content-Security-Policy: default-src 'none'; style-src 'unsafe-inline'; sandbox
11:20:06.778 [main] DEBUG org.apache.hc.client5.http.headers -- http-outgoing-0 << Content-Type: text/plain; charset=utf-8
11:20:06.778 [main] DEBUG org.apache.hc.client5.http.headers -- http-outgoing-0 << ETag: W/"e82b438271e9e8680c688b0b680efd0bdd22faa6d6f0a32fc1fd8accc486b67e"
11:20:06.778 [main] DEBUG org.apache.hc.client5.http.headers -- http-outgoing-0 << Strict-Transport-Security: max-age=31536000
11:20:06.778 [main] DEBUG org.apache.hc.client5.http.headers -- http-outgoing-0 << X-Content-Type-Options: nosniff
11:20:06.778 [main] DEBUG org.apache.hc.client5.http.headers -- http-outgoing-0 << X-Frame-Options: deny
11:20:06.778 [main] DEBUG org.apache.hc.client5.http.headers -- http-outgoing-0 << X-XSS-Protection: 1; mode=block
11:20:06.778 [main] DEBUG org.apache.hc.client5.http.headers -- http-outgoing-0 << X-GitHub-Request-Id: F08E:604A:2F72CD:390483:65B0E38C
11:20:06.778 [main] DEBUG org.apache.hc.client5.http.headers -- http-outgoing-0 << Content-Encoding: gzip
11:20:06.778 [main] DEBUG org.apache.hc.client5.http.headers -- http-outgoing-0 << Accept-Ranges: bytes
11:20:06.779 [main] DEBUG org.apache.hc.client5.http.headers -- http-outgoing-0 << Date: Thu, 01 Feb 2024 16:20:06 GMT
11:20:06.779 [main] DEBUG org.apache.hc.client5.http.headers -- http-outgoing-0 << Via: 1.1 varnish
11:20:06.779 [main] DEBUG org.apache.hc.client5.http.headers -- http-outgoing-0 << X-Served-By: cache-yyz4570-YYZ
11:20:06.779 [main] DEBUG org.apache.hc.client5.http.headers -- http-outgoing-0 << X-Cache: HIT
11:20:06.779 [main] DEBUG org.apache.hc.client5.http.headers -- http-outgoing-0 << X-Cache-Hits: 1
11:20:06.779 [main] DEBUG org.apache.hc.client5.http.headers -- http-outgoing-0 << X-Timer: S1706804407.765119,VS0,VE1
11:20:06.779 [main] DEBUG org.apache.hc.client5.http.headers -- http-outgoing-0 << Vary: Authorization,Accept-Encoding,Origin
11:20:06.779 [main] DEBUG org.apache.hc.client5.http.headers -- http-outgoing-0 << Access-Control-Allow-Origin: *
11:20:06.779 [main] DEBUG org.apache.hc.client5.http.headers -- http-outgoing-0 << Cross-Origin-Resource-Policy: cross-origin
11:20:06.779 [main] DEBUG org.apache.hc.client5.http.headers -- http-outgoing-0 << X-Fastly-Request-ID: d2e1af841c7000916cc5835a458e64c3d221ac2d
11:20:06.779 [main] DEBUG org.apache.hc.client5.http.headers -- http-outgoing-0 << Expires: Thu, 01 Feb 2024 16:25:06 GMT
11:20:06.779 [main] DEBUG org.apache.hc.client5.http.headers -- http-outgoing-0 << Source-Age: 189
11:20:06.784 [main] DEBUG org.apache.hc.client5.http.impl.classic.MainClientExec -- ex-0000000001 connection can be kept alive for 3 MINUTES
11:20:06.790 [main] DEBUG org.apache.hc.client5.http.wire -- http-outgoing-0 << "[0x1f][0xffffff8b][0x8][0x0][0x0][0x0][0x0][0x0][0x0][0x3][0xffffffb5]V]o[0xffffffda]0[0x14]}[0xffffffe7]W\[0xffffff81]*[0xffffffb5][0x12][0x1f][[M[0xffffffd3]$[0x1e]hF[0xffffffbb]i [0x18][0xffffffb4][0xffffffdd]&[0xfffffff9][0xffffffc5]$7[0xffffffc1]R[0x12]#;[0xffffff94]v[0xffffffbf]~[0xffffffb6][0xfffffff3]1[0xffffff92][0xffffff9a][0xffffffc1][0x1a]x[0xffffffcb][0xffffffb5][0xffffffaf][0xffffffcf]9[0xffffffbe][0xfffffff7]8v[0xb][0x1c][0x1e]E4[0xfffffff6]$x4[0xffffffa1][0xb]*[0xffffffb1][0xffffffd1][0xffffff82][0xfffffffb]%[0xffffff93][0xffffffe0][0xffffffb3][0x10][0xffffffc1][0xffffffe5]qBY,!Y[0xffffffea] KM8,[0x10][0xfffffff0][0x19][0xffffffdd]u[0xffffff82][0x1e][0xffffffb0][0xffffffd8]L[0xffffffcb]%[0xffffff86][0xffffffa1][0xe][0xffffffb8][0xfffffff0]P[0xffffffe8]$[0xf][0x13]t[0x13]3[0xfffffff9][0xffffff84]B2[0xffffffae][0xffffffe6]|@[0xfffffff5][0x1d][0x8][0xffffffc4][0x18][0x16][0xffffff82]o[0xffffffa4][0xffffff9a]P[0xffffff94][0xffffffe7][0xffffffce]R[0xfffffff0][0x8][0xffffffdb]p[0xffffffcb][0x4][0xfffffffa][0xfffffffc][0xffffffb9][\r][0xffffff93][0x15][\n]"
11:20:06.791 [main] DEBUG org.apache.hc.client5.http.wire -- http-outgoing-0 << "[0xffffffda][0xffffff86][0xffffffa1][0x17][0xffffffa8]Q3[0xffffffcb][0xffffffd6][0xffffffd1][0xffffff85][0xffffffc6][0xfffffff7][0xffffff98][0xffffffef][0xffffffa3][0xffffffc0]8[0x1][0xffffffae]s[0x12][0x16][0x7] _d[0xffffff82][0xffffff91][0xffffff84][0xfffffff3][0x1f],[0xfffffff6][0x14]j[0x1b]F,^+[0xffffff98]1ua2[0xffffffbf]h([0xffffff8e][0xffffff94][0xffffffa2][0xffffff91]m[0xffffffa3][0xffffffeb][0xffffff9a][0xffffffb0][0xffffffbb]I[0x17]t[0xffffffdf][0xffffffbd][0xffffffef][0xffffffbb][0xffffff91][0xffffffd7]U[0xffffffbb][0xffffff82][0xffffff9e][0x3][0xffffff9b][0xffffff88][0xffffffb9][0xffffffa6]$[0xffffffa6][0xc][0xffffff9b][0xffffffa5][0xffffffe2][0xffffff83][0xffffff98]F[0xffffffd8]o[0xffffff9e]Mg[0xffffff93][0xffffffbb][0xffffffd9]`|[0xfffffffb]u4[0xffffff9c][0x7f]"}B[0xffffffce][0x8][0xffffffb9][0xffffffe3]<[0x8][0xffffff91][0xffffff90][0xffffff94][0xffffff82][0xffffff90][0xffffffc1]j[0x15]2WI[0xffffffe3]1![0x19][0xffffff91]BnB[0xffffff80][0x9]<f[0xffffffb5][0xffffffe8]=[0xffffffd1]p[0xffffffbd][[0xffffffcf][0xffffffe5][0x1b][0xfffffff4][0xffffff9c][0xffffffff][0xfffffffc][0xfffffff8][0xffffffe1][0xffffffe2][0xffffff94][0xffffffa2][0xffffffae][0xe][0x14]5[0xffffff9a]8[0xffffff83][0xffffffd1]`:[0xfffffffd]<[0xffffffb8][0x1f][0xffffff9c]R[0xffffffcf]u[0x7f]6[0xffffffbc][0xffffff83][0xffffffef][0xf][0xffffffc3][0xffffffd9]/[0xfffffff8][0xfffffff2][0xffffffcd]y s[0xffffffee]'[0x1b]*0g[0xffffffcb][0xffffffc8]nF7H][0xffffff83][0xffffff97]{[0xffffffb1]Q[0x5][\r][0xffffffb5]c[0xffffffb4][0xf][0x2][0xffffffb3][0xffffffb4][0xffffff93][0xe]C[0xffffffa7][0xffffffb3]kAD][0xffffff9d][0xffffffde][0xffffffdb][0xffffffda][0xffffff88][0xffffffec][0xffffffa5][0xffffffbc][0xffffff99][0xffffffd9][0xffffffba]t[0xffffffb5][0xffffffea]9[0xffffffea][0x10])[0xffffffb7][0xffffffca][0xffffff9e][0xfffffff2][0xffffffe2]d^N[0xffffffd8]FW[0x16][0xffffffcd][0xffffffdc]_[0x10][0xfffffff9]i|[0x1c][0xffffff93][0xffffff8e][0xfffffff9]o[0x16][0xffffff86]4'!$G[0xffffffdf]W[0xfffffff4]W*j[[0xfffffff3]xR[0xffffffae][0xffffffb6][0xc][0xffffffd0],; #[0xffffffa9][0xffffff92]5[0xffffffb5][0x7][0xffffff9c][0xffffffb5][0xffffffd0][0x7f][0xffffff90][0xffffffc7]jgs[0xfffffffc][0xffffffc2][0xb][0xffffffd9][0x0]t[0xffffff9e]^'Y[0xfffffffb][0xffffff9f][0xffffffb1][0xffffffd8]:[0xffffffbf][0xffffff8d][0xffffffa5][0xffffff9a][0xffffffad][0x7f]m[0x5]&[0xffffffaa][0xffffffa0]^[0xffffff9b][0xffffffcb][0x5]f[0xffffffae][0xffffffe0]RU[0xffffff82][0x10]MS9l[0xffffff91]4t[0xfffffffb][0xffffff8a]][0xffffffd6][0xfffffff4][0xffffff96][0xffffffa6][0xffffff9f]P[0xffffffce][0xffffffd5][0xffffffce][0xffffff93][0xffffffff][0xffffff97][0xffffffcc]p[0xfffffffd][0xfffffff3][0xffffffe8][0x1b][0xffffffcc][0xffffffa2][0xffffffd9]Q[0xffffffbe][0xffffffb2][0xffffffa3][0xffffffc7]m'[0xffffffdf][0xffffffe4][[0xfffffffb]^[0xffffffb0][0xffffff9a][0xffffffbe][0xffffffda][0xffffffda]_[0xffffffce][0xffffff80][0xffffffd2][0xffffffc1]7[0xffffffb7]][0xffffffc1]b[0xffffffee][0xffffffb5][0xffffffff]w[0xffffff83][0xffffffed][0xffffffa7];[0x15]<[0x10]4[0xffffff92][0xffffff84][0x18][\n]"
11:20:06.791 [main] DEBUG org.apache.hc.client5.http.wire -- http-outgoing-0 << "BB[0xffffffba][0xffffff8e]][0xffffffb5]jo[0xffffffb9]+"[0xffffffea][0xffffffb4][0xffffffff]h"[0xffffffea]\?5[0xffffffa9][0xffffffaf]k[0xffffffec][0xffffffff]P[0xffffffea][\n]"
11:20:06.791 [main] DEBUG org.apache.hc.client5.http.wire -- http-outgoing-0 << "w[0xffffffe1]K[0x13][0xffffffda][0xffffffec][0xffffff98][0xffffffe6]Y[0xfffffffd]h8m6[0xffffff9c]T[0xffffffc1][0xfffffff2][0xffffffa7][0xffffff91]z_[0xffffff95]o85p[0x1c][0x13][0xffffffe6][0xfffffff0]5[0xffffffee][0xfffffffc][0xffffff92][0xffffff96][0xffffffda][0xfffffff7][0xffffffcf][0xffffffb1][0x5][0x1d][0xffffffea]K[0xffffff9b]9[0xffffff8e][0xffffffad]e[0xfffffff7][0xffffff93][0xffffffa8]`[0xffffffda][0xffffffff][0x1a][0xffffffd2][0xffffff88][0xffffff85][0xfffffffd][0xfffffff2][0xffffff91]N[0xfffffff6]`[0xffffffdf]2[0xffffffcf][0xffffffae]E[0xffffff97][0xffffffc5][0xffffffa2][0xffffff9d][0xffffffef]'[0xffffff9d]mun.[0xffffffd3]f^[0xffffffc7][0xffffff82][0xffffffda][0xffffff82]9[0xfffffff5][0xffffffa9]`[0x5][0xffffffbc]4[0xffffffa1][0x1d]<M[0xffffffb5]A[0xffffffa7]3[[0xffffffc0][0x7f][0x0][0xffffffc1][0xffffffd0]$[0xffffff85][0x1d][\r][0x0][0x0]"
11:20:06.793 [main] DEBUG org.apache.hc.client5.http.impl.classic.InternalHttpClient -- ep-0000000001 releasing valid endpoint
11:20:06.793 [main] DEBUG org.apache.hc.client5.http.impl.io.PoolingHttpClientConnectionManager -- ep-0000000001 releasing endpoint
11:20:06.793 [main] DEBUG org.apache.hc.client5.http.impl.io.PoolingHttpClientConnectionManager -- ep-0000000001 connection http-outgoing-0 can be kept alive for 3 MINUTES
11:20:06.794 [main] DEBUG org.apache.hc.client5.http.impl.io.PoolingHttpClientConnectionManager -- ep-0000000001 connection released [route: {s}->https://raw.githubusercontent.com:443][total available: 1; route allocated: 1 of 5; total allocated: 1 of 25]
11:20:06.794 [main] DEBUG io.github.bonigarcia.wdm.versions.VersionDetector -- Detecting firefox version using online commands.properties
11:20:06.798 [main] DEBUG io.github.bonigarcia.wdm.versions.Shell -- Running command on the shell: [/Applications/Firefox.app/Contents/MacOS/firefox, -v]
11:20:24.719 [main] DEBUG io.github.bonigarcia.wdm.versions.Shell -- Result: Mozilla Firefox 122.0
11:20:24.755 [main] DEBUG io.github.bonigarcia.wdm.cache.ResolutionCache -- Removing resolution firefox122=0.34.0 from cache (expired on Tue Jan 30 16:31:24 EST 2024)
11:20:24.757 [main] DEBUG io.github.bonigarcia.wdm.versions.VersionDetector -- Getting driver version for firefox122 from online versions.properties
11:20:24.758 [main] DEBUG org.apache.hc.client5.http.impl.classic.InternalHttpClient -- ex-0000000002 preparing request execution
11:20:24.759 [main] DEBUG org.apache.hc.client5.http.impl.classic.ProtocolExec -- ex-0000000002 target auth state: UNCHALLENGED
11:20:24.760 [main] DEBUG org.apache.hc.client5.http.impl.classic.ProtocolExec -- ex-0000000002 proxy auth state: UNCHALLENGED
11:20:24.760 [main] DEBUG org.apache.hc.client5.http.impl.classic.ConnectExec -- ex-0000000002 acquiring connection with route {s}->https://raw.githubusercontent.com:443
11:20:24.760 [main] DEBUG org.apache.hc.client5.http.impl.classic.InternalHttpClient -- ex-0000000002 acquiring endpoint (3 MINUTES)
11:20:24.761 [main] DEBUG org.apache.hc.client5.http.impl.io.PoolingHttpClientConnectionManager -- ex-0000000002 endpoint lease request (3 MINUTES) [route: {s}->https://raw.githubusercontent.com:443][total available: 1; route allocated: 1 of 5; total allocated: 1 of 25]
11:20:24.761 [main] DEBUG org.apache.hc.client5.http.impl.io.PoolingHttpClientConnectionManager -- ex-0000000002 endpoint leased [route: {s}->https://raw.githubusercontent.com:443][total available: 0; route allocated: 1 of 5; total allocated: 1 of 25]
11:20:24.763 [main] DEBUG org.apache.hc.client5.http.wire -- http-outgoing-0 << "[read] I/O error: Read timed out"
11:20:24.763 [main] DEBUG org.apache.hc.client5.http.impl.io.PoolingHttpClientConnectionManager -- ex-0000000002 acquired ep-0000000002
11:20:24.763 [main] DEBUG org.apache.hc.client5.http.impl.classic.InternalHttpClient -- ex-0000000002 acquired endpoint ep-0000000002
11:20:24.763 [main] DEBUG org.apache.hc.client5.http.impl.classic.MainClientExec -- ex-0000000002 executing GET /bonigarcia/webdrivermanager/master/src/main/resources/versions.properties HTTP/1.1
11:20:24.763 [main] DEBUG org.apache.hc.client5.http.protocol.RequestAddCookies -- ex-0000000002 Cookie spec selected: strict
11:20:24.764 [main] DEBUG org.apache.hc.client5.http.impl.classic.InternalHttpClient -- ep-0000000002 start execution ex-0000000002
11:20:24.764 [main] DEBUG org.apache.hc.client5.http.impl.io.PoolingHttpClientConnectionManager -- ep-0000000002 executing exchange ex-0000000002 over http-outgoing-0
11:20:24.764 [main] DEBUG org.apache.hc.client5.http.headers -- http-outgoing-0 >> GET /bonigarcia/webdrivermanager/master/src/main/resources/versions.properties HTTP/1.1
11:20:24.764 [main] DEBUG org.apache.hc.client5.http.headers -- http-outgoing-0 >> user-agent: Apache-HttpClient/5.0
11:20:24.764 [main] DEBUG org.apache.hc.client5.http.headers -- http-outgoing-0 >> accept-encoding: gzip, deflate, br
11:20:24.764 [main] DEBUG org.apache.hc.client5.http.headers -- http-outgoing-0 >> cache-control: max-age=0
11:20:24.764 [main] DEBUG org.apache.hc.client5.http.headers -- http-outgoing-0 >> connection: keep-alive
11:20:24.764 [main] DEBUG org.apache.hc.client5.http.headers -- http-outgoing-0 >> Host: raw.githubusercontent.com
11:20:24.765 [main] DEBUG org.apache.hc.client5.http.wire -- http-outgoing-0 >> "GET /bonigarcia/webdrivermanager/master/src/main/resources/versions.properties HTTP/1.1[\r][\n]"
11:20:24.765 [main] DEBUG org.apache.hc.client5.http.wire -- http-outgoing-0 >> "user-agent: Apache-HttpClient/5.0[\r][\n]"
11:20:24.765 [main] DEBUG org.apache.hc.client5.http.wire -- http-outgoing-0 >> "accept-encoding: gzip, deflate, br[\r][\n]"
11:20:24.765 [main] DEBUG org.apache.hc.client5.http.wire -- http-outgoing-0 >> "cache-control: max-age=0[\r][\n]"
11:20:24.765 [main] DEBUG org.apache.hc.client5.http.wire -- http-outgoing-0 >> "connection: keep-alive[\r][\n]"
11:20:24.765 [main] DEBUG org.apache.hc.client5.http.wire -- http-outgoing-0 >> "Host: raw.githubusercontent.com[\r][\n]"
11:20:24.765 [main] DEBUG org.apache.hc.client5.http.wire -- http-outgoing-0 >> "[\r][\n]"
11:20:24.798 [main] DEBUG org.apache.hc.client5.http.wire -- http-outgoing-0 << "HTTP/1.1 200 OK[\r][\n]"
11:20:24.798 [main] DEBUG org.apache.hc.client5.http.wire -- http-outgoing-0 << "Connection: keep-alive[\r][\n]"
11:20:24.798 [main] DEBUG org.apache.hc.client5.http.wire -- http-outgoing-0 << "Content-Length: 1667[\r][\n]"
11:20:24.798 [main] DEBUG org.apache.hc.client5.http.wire -- http-outgoing-0 << "Cache-Control: max-age=300[\r][\n]"
11:20:24.798 [main] DEBUG org.apache.hc.client5.http.wire -- http-outgoing-0 << "Content-Security-Policy: default-src 'none'; style-src 'unsafe-inline'; sandbox[\r][\n]"
11:20:24.798 [main] DEBUG org.apache.hc.client5.http.wire -- http-outgoing-0 << "Content-Type: text/plain; charset=utf-8[\r][\n]"
11:20:24.799 [main] DEBUG org.apache.hc.client5.http.wire -- http-outgoing-0 << "ETag: W/"2b63ea7ea7667d0729e9d848d780e58af4f6d237cb562369e48d53971ddfa6c5"[\r][\n]"
11:20:24.799 [main] DEBUG org.apache.hc.client5.http.wire -- http-outgoing-0 << "Strict-Transport-Security: max-age=31536000[\r][\n]"
11:20:24.799 [main] DEBUG org.apache.hc.client5.http.wire -- http-outgoing-0 << "X-Content-Type-Options: nosniff[\r][\n]"
11:20:24.799 [main] DEBUG org.apache.hc.client5.http.wire -- http-outgoing-0 << "X-Frame-Options: deny[\r][\n]"
11:20:24.799 [main] DEBUG org.apache.hc.client5.http.wire -- http-outgoing-0 << "X-XSS-Protection: 1; mode=block[\r][\n]"
11:20:24.799 [main] DEBUG org.apache.hc.client5.http.wire -- http-outgoing-0 << "X-GitHub-Request-Id: 2774:2655:2DB02B:37C072:65BA166B[\r][\n]"
11:20:24.799 [main] DEBUG org.apache.hc.client5.http.wire -- http-outgoing-0 << "Content-Encoding: gzip[\r][\n]"
11:20:24.799 [main] DEBUG org.apache.hc.client5.http.wire -- http-outgoing-0 << "Accept-Ranges: bytes[\r][\n]"
11:20:24.799 [main] DEBUG org.apache.hc.client5.http.wire -- http-outgoing-0 << "Date: Thu, 01 Feb 2024 16:20:24 GMT[\r][\n]"
11:20:24.799 [main] DEBUG org.apache.hc.client5.http.wire -- http-outgoing-0 << "Via: 1.1 varnish[\r][\n]"
11:20:24.799 [main] DEBUG org.apache.hc.client5.http.wire -- http-outgoing-0 << "X-Served-By: cache-yyz4570-YYZ[\r][\n]"
11:20:24.799 [main] DEBUG org.apache.hc.client5.http.wire -- http-outgoing-0 << "X-Cache: HIT[\r][\n]"
11:20:24.800 [main] DEBUG org.apache.hc.client5.http.wire -- http-outgoing-0 << "X-Cache-Hits: 1[\r][\n]"
11:20:24.800 [main] DEBUG org.apache.hc.client5.http.wire -- http-outgoing-0 << "X-Timer: S1706804425.770271,VS0,VE25[\r][\n]"
11:20:24.800 [main] DEBUG org.apache.hc.client5.http.wire -- http-outgoing-0 << "Vary: Authorization,Accept-Encoding,Origin[\r][\n]"
11:20:24.800 [main] DEBUG org.apache.hc.client5.http.wire -- http-outgoing-0 << "Access-Control-Allow-Origin: *[\r][\n]"
11:20:24.800 [main] DEBUG org.apache.hc.client5.http.wire -- http-outgoing-0 << "Cross-Origin-Resource-Policy: cross-origin[\r][\n]"
11:20:24.800 [main] DEBUG org.apache.hc.client5.http.wire -- http-outgoing-0 << "X-Fastly-Request-ID: 68094ae63b513f8a27874cce84004a911809d79c[\r][\n]"
11:20:24.800 [main] DEBUG org.apache.hc.client5.http.wire -- http-outgoing-0 << "Expires: Thu, 01 Feb 2024 16:25:24 GMT[\r][\n]"
11:20:24.800 [main] DEBUG org.apache.hc.client5.http.wire -- http-outgoing-0 << "Source-Age: 0[\r][\n]"
11:20:24.801 [main] DEBUG org.apache.hc.client5.http.wire -- http-outgoing-0 << "[\r][\n]"
11:20:24.801 [main] DEBUG org.apache.hc.client5.http.headers -- http-outgoing-0 << HTTP/1.1 200 OK
11:20:24.801 [main] DEBUG org.apache.hc.client5.http.headers -- http-outgoing-0 << Connection: keep-alive
11:20:24.801 [main] DEBUG org.apache.hc.client5.http.headers -- http-outgoing-0 << Content-Length: 1667
11:20:24.802 [main] DEBUG org.apache.hc.client5.http.headers -- http-outgoing-0 << Cache-Control: max-age=300
11:20:24.802 [main] DEBUG org.apache.hc.client5.http.headers -- http-outgoing-0 << Content-Security-Policy: default-src 'none'; style-src 'unsafe-inline'; sandbox
11:20:24.802 [main] DEBUG org.apache.hc.client5.http.headers -- http-outgoing-0 << Content-Type: text/plain; charset=utf-8
11:20:24.802 [main] DEBUG org.apache.hc.client5.http.headers -- http-outgoing-0 << ETag: W/"2b63ea7ea7667d0729e9d848d780e58af4f6d237cb562369e48d53971ddfa6c5"
11:20:24.802 [main] DEBUG org.apache.hc.client5.http.headers -- http-outgoing-0 << Strict-Transport-Security: max-age=31536000
11:20:24.802 [main] DEBUG org.apache.hc.client5.http.headers -- http-outgoing-0 << X-Content-Type-Options: nosniff
11:20:24.802 [main] DEBUG org.apache.hc.client5.http.headers -- http-outgoing-0 << X-Frame-Options: deny
11:20:24.802 [main] DEBUG org.apache.hc.client5.http.headers -- http-outgoing-0 << X-XSS-Protection: 1; mode=block
11:20:24.802 [main] DEBUG org.apache.hc.client5.http.headers -- http-outgoing-0 << X-GitHub-Request-Id: 2774:2655:2DB02B:37C072:65BA166B
11:20:24.802 [main] DEBUG org.apache.hc.client5.http.headers -- http-outgoing-0 << Content-Encoding: gzip
11:20:24.802 [main] DEBUG org.apache.hc.client5.http.headers -- http-outgoing-0 << Accept-Ranges: bytes
11:20:24.803 [main] DEBUG org.apache.hc.client5.http.headers -- http-outgoing-0 << Date: Thu, 01 Feb 2024 16:20:24 GMT
11:20:24.803 [main] DEBUG org.apache.hc.client5.http.headers -- http-outgoing-0 << Via: 1.1 varnish
11:20:24.803 [main] DEBUG org.apache.hc.client5.http.headers -- http-outgoing-0 << X-Served-By: cache-yyz4570-YYZ
11:20:24.803 [main] DEBUG org.apache.hc.client5.http.headers -- http-outgoing-0 << X-Cache: HIT
11:20:24.803 [main] DEBUG org.apache.hc.client5.http.headers -- http-outgoing-0 << X-Cache-Hits: 1
11:20:24.803 [main] DEBUG org.apache.hc.client5.http.headers -- http-outgoing-0 << X-Timer: S1706804425.770271,VS0,VE25
11:20:24.803 [main] DEBUG org.apache.hc.client5.http.headers -- http-outgoing-0 << Vary: Authorization,Accept-Encoding,Origin
11:20:24.803 [main] DEBUG org.apache.hc.client5.http.headers -- http-outgoing-0 << Access-Control-Allow-Origin: *
11:20:24.803 [main] DEBUG org.apache.hc.client5.http.headers -- http-outgoing-0 << Cross-Origin-Resource-Policy: cross-origin
11:20:24.803 [main] DEBUG org.apache.hc.client5.http.headers -- http-outgoing-0 << X-Fastly-Request-ID: 68094ae63b513f8a27874cce84004a911809d79c
11:20:24.803 [main] DEBUG org.apache.hc.client5.http.headers -- http-outgoing-0 << Expires: Thu, 01 Feb 2024 16:25:24 GMT
11:20:24.803 [main] DEBUG org.apache.hc.client5.http.headers -- http-outgoing-0 << Source-Age: 0
11:20:24.804 [main] DEBUG org.apache.hc.client5.http.impl.classic.MainClientExec -- ex-0000000002 connection can be kept alive for 3 MINUTES
11:20:24.805 [main] DEBUG org.apache.hc.client5.http.wire -- http-outgoing-0 << "[0x1f][0xffffff8b][0x8][0x0][0x0][0x0][0x0][0x0][0x0][0x3][0xffffff8d][0xffffff97][0xffffffcb]n+7[0xc][0xffffff86][0xfffffff7]y[0xffffff8a][0x1][0xffffffba][0xffffffce]XWJ[\n]"
11:20:24.805 [main] DEBUG org.apache.hc.client5.http.wire -- http-outgoing-0 << "[0xffffffa0]M[0xffffffaf][0xffffffab][0xffffffa2][0xffffff8b][0xfffffff6][0x5]|[0xffffffec]I28[0xffffff8e]'[0xffffffb0][0xffffff9d][0xffffff93][0xffffff83]>}II[0xffffffd4][0xffffffc8][0xffffff9a][0x16][0xffffffe8][0xffffffc2]H[0xfffffff8][0xffffff8d]F")[\r][0xfffffff5][0xfffffff3][0xffffff87][0xffffffe1][0xffffffaf][0xffffffd7][0xfffffff9]:<[0xffffffcf][0xffffffa7]i8,[0xffffffe7][0xffffffdb]~>_[0xffffff87][0xffffffdb][0xffffffeb]4|=/[0xffffff9f][0xffffffe7][0xffffffe1]x[0xffffff99][0xffffffbf]M[0xffffff97][0x1][0x7f][0xffffffd7]y[0xffffffc1]'[0xffffff87][0xffffffe5][0xffffffed]}[0x7f][0xffffff9b][0xffffffbf][0xffffffe0][0xffffffe8][0xffffffcf][0xfffffff9][0xfffffff6][0xffffff9a]F[0x1e][0xffffff96][0xffffffcb]e[0xffffffba][0xffffffbe]/[0xffffffe7][0xffffffe3]|~[0x19][0xffffffbe]\[0xffffff96][0xffffffcf][0xffffffeb][0xfffffffa][0xffffffca][0xffffffc3][0xffffffc3][0xf][0xffffffc3][0xffffff8f][0x19]=[\r][0xffffffbf]-[0xffffffcb][0xb][0xffffffbe][0xfffffff9][0xffffffd3][0xffffffeb]ey[0xffffff9b][0xffffff86][0xfffffffd][0xfffffff9][0xffffff98][0xffffffff][0xffffff9d]?[0xffffffde][0xffffff86][0xffffffc7][0xffffffe1][0xffffffe7][0xffffffb4][0xffffffd4][0xffffffd3]pHO[0xfffffff3][0xffffffc2][0xfffffff8][0xfffffff2][0xffffff9f][0xffffffcb][0xffffffc7][0xffffffe5]0=[\r][0xffffffaf][0xffffffb7][0xffffffdb][0xfffffffb][0xffffffd3]n[0xffffffd7]>[0x1d][0xf][0xffffffe5][0xffffffed]q[0xffffffb9][0xffffffbc][0xffffffec][0xffffff8e][0xffffffe8][0xffffffef]i[0xffffffd9][0x1f][0xffffffaf][0xf]y[0xffffff8c][0xffffff94]&[0xffffffe2]o[0x14][0xffffffa3]u[0xffffffda][0xffffff8e]AT[0xffffffae][0xffffff91]k[0xffffffe2][0xffffffe0][0xffffffd4][0x8][0xffffffba]r[0xffffff85]\%.[0xffffffed]hB[0xffffffe5][0x12][0xffffffb9]$nA[0xffffff8f]`*[0x17][0xffffffc8][0x5]q[0xffffffe3][0xffffffe5][0xffffffe8][0x1c]s[0x11]"[0xfffffffe][0x12][0xffffffc7][0xffffffe5]][0x1d]/<rO\[0xffffffdb]0:Y[0xffffffb9]C[0xffffffee][0x12][0x17]f[0x4]U9 [0x7][0xffffffe2][0xffffffca][0xffffff84][0x11][0xffffffd6][0xfffffff1][0x16][0xffffffb9]%.[0xffffff83][0xffffffc5][0xffffff87][0xffffff95]c[0xffffffbc]"[0xffffffc5]Ka[0xffffffb8][0xffffffea][0xffffffbf][0xffffffc0]xE[0xffffff8a]W[0xffffff80][0x18][0xffffffa5]^[0x1d][0xffffffc2][0xffffff80]E[\n]"
11:20:24.805 [main] DEBUG org.apache.hc.client5.http.wire -- http-outgoing-0 << "X[0xffffffe0]|[0xffffffcd][0x2][0x18][0xffffffb0][0xffffffa0][0xffffff80]M[0xffffffb0]r4+[0xffffffc7][0xffffff80][0x5][0x5]l|[0xffffff80][0x11]8[0xffffffa1]![0xffffffc4][0x10][0x12]5[0x6][0xffffffd7]f[0xffffffea]c[0xffffffa0]`[0xffffff8d][0xffffffb3]~[0xffffffc4]e[0x18][0xffffffbb][0x18](V[0x3]A[0xffffffad]9[0x8][0x10][0x3]$[\n]"
11:20:24.806 [main] DEBUG org.apache.hc.client5.http.wire -- http-outgoing-0 << "f4[0xffffff96][0xffffffa9][0xffffff8d][0xffffffc1]&[0xffffffaa][0xfffffffd][0x8][0x1c]O01[0xffffff98]D19[0xffffffb8][0xffffff91][0xffffff8c]u[0xc][0x14][0xffffffa4][0xffffffb1][0xffffffce][0xffffffad][0xffffff9b][0x1a]T[0xc]*Q[0xffffffdc]R[0xffffffcc]2c[0x19]C[\n]"
11:20:24.806 [main] DEBUG org.apache.hc.client5.http.wire -- http-outgoing-0 << "[0xffffffd0][0xffffffe0][0x9][0xffffffc0]X[0x19][0xffffff8b][0x18]R|F[0xffffff8b]Qq[0xffffff9e]|[0xffffff88]>[0xffffffc5][0xffffffa7][0xfffffff1][0xffffff8f][0xffffffe2][0xffffff99][0xffffffbd][0xffffff8f]>[0xffffffc5][0xffffffa7][0xffffff95][0x19][0x3]0u[0xffffffd1][0xffffffa7][0xfffffff0][0xffffff94][0x17][0xffffffa3][0xfffffff7]L![0xfffffffa][0x14][0xffffff9e]28/[0xffffffa7][0xffffffc2][0xffffffdb][0xffffffe8]Sx[0xffffffd2][0xffffffeb][0xffffffd1][0xffffffb3]k[0xffffffde]D[0xffffff9f][0xffffffc2][0xffffff93][0xffffffc6][0xffffff8d][0xffffff9a]s[0xffffffec]u[0xfffffff4]):[0xffffffda]I[0xffffffcd][0xffffffa9][0xfffffff0]2[0xfffffffa][0x14][0xffffff86][0xffffffc0][0xffffffcc]K][0xffffff97][0x13][0xffffffd1]S[0x18]:[0xffffffa0]/x[0xffffff84][\n]"
11:20:24.806 [main] DEBUG org.apache.hc.client5.http.wire -- http-outgoing-0 << "v![0xffffffba][0xffffff90][0xffffffb0][0xffffffb1][0xffffffa3][0xffffffae][0xffffffd4]G[0xffffffe7][0x13][0xffffffc5][0xffffffb3][0xffffff83][0xffffffe7][0xffffff8a][0xffffffb1][0xffffff8b][0xffffff8e][0x2][0xffffffd1][0x1e][0xfffffff0][`7[0x1c]D[0x7][0xffffff89][0xffffffe2][0x1][0xffffff97][0xffffffaa][0xffffffce]a[0xffffffa3][0xffffffa3]H[0xffffffb4]sx[0xffffffc0][0xffffffd6][0xffffffd1]&:[0xffffff93][0xffffffb0][0xffffffc2][0xfffffff3][0xffffffcb]PGG[0xffffff91]h[0xffffffc0][0xffffff80][0xffffff80]]v**[0xffffffdc]Q[0xffffffb6][0xffffffe4][0xffffff9d]%[0xffffffc8]b[0xffffffc7] [0xffffff90][0xffffffc5]{[0x3][0xffffff9e],[0xffffffce](8[0xffffffb2]x7[0x1][0xffffffc8]bg[0xffffffc0][0xffffffa2]US[0x4][0xffffff86],[0xffffffce]9h[0xffffffb2]x= _t][0xffffff8f]|[0xffffffa9][0xffffffdf][0xc][0xffffff90]/Z[0xffffffdf]U[0xffffffb5][0xffffffdf][0xffffff97][0xffffffbf][0xffffffe7][0xffffffd3]i?[0xfffffffc]:_[0xffffffa6][0xffffffe7][0xffffffe5]{S[0xffffffca]^[0xffffffa6][0xffffffc3][0xffffffd7][0xffffffe5]_+[0xffffffd9][0x15]K[0xffffffd9][0xb][0x16][0xffffffd0][0xffffff8f]/#[0xffffff96][0xffffffd4][0xffffffdd][[0xffffff9e]b[0xffffffd7][0xffffffbc][0xffffffb0][0xffffffbb]L[0xffffffa7]i[0x7f][0xffffff9d][0xffffffae][0xf][0xffffffcf]y^[0xffffffa9]d[0xffffffc4][0xffffffb4]aBW"[0xffffff88][0xffffffe8][0xffffff86][0xffffffc8][0xffffffb0]!~C[0xffffffdc][0xffffff86][0xffffffc0][0xffffff86][0xffffffd8][\r]1[0x1b][0xffffffa2]7Dm[0xffffff88][0xffffffdc][0xffffff90][0xffffffe4][0xffffffb3][0x1a]U%"d[0xffffffb2][0xffffff8e][0x11]~C[0xffffffdc][0xffffff86][0xffffffc0][0xffffff86][0xffffffd8][\r]I>[0xffffffcb][0xffffff96][0xffffffe8][\r]Q[0x1b]"7Dt$[0xffffff84][0x1e][0xfffffff8][0x1e][0xffffffb8][0x1e]@[0xf]l[0xf]zoC[0xffffffef]l[0xffffffe8]}[\r][0xffffffbd][0xffffffab][0xffffff81]<[0xffffffc5][0xffffffaf][0xffffffad][0x1][0xffffffe3]i>[0x7f]|[0xffffffcf]X2[0xfffffff6][0xffffffa1][0x1b][0xffffffe7]}[0xf]\[0xf][0xffffffa0][0x7][0xffffffb6][0x7][0xffffffa6][0x7][0x14][0xffffff80][0xfffffff2][\r]P=[0xffffffa0][0x0][0xffffff94]k[0xffffff80][0xffffffe8][0xffffff80][0xb]=H[0xffffff9e]B[0x3]\[0xf][0xffffffa0][0x7][0xffffffb6][0x7][0xffffffa6][0x7][0xffffffba][0x7][0xffffffaa][0x7][0xffffffb2][0x7][0xffffffa2][0x3][0x10]z[0xffffff90]<[0xffffffb5][\r]H[0xffffff9e]6_0@[0xf]l[0xf][0xffffff92][0xffffffa7][0xffffffcd][0x7][0x4][0xffffffba][0x7][0xffffffc9][0xffffffd3][0xffffffe6][0xffffffd8]C[0xfffffff2][0xffffffb4]9[0x14] :`C[0xf]|[0xf]\[0xf][0xffffff92][0xffffffa7][0xffffffa2][0x1][0xffffff96]A[[0xb][0xffffffff]x[0xffffff9f].[0xfffffffb][0xffffffa6][0x2].d[0xffffffff][0xffffff9f][\n]"
11:20:24.806 [main] DEBUG org.apache.hc.client5.http.wire -- http-outgoing-0 << "[0xffffff98][0x6]^[0xffffff97][0xffffffe7][0xffffffdb][0xffffffe7][0xfffffffe]2e[0xffffff8b][0xffffffd5]]_[0xf][0xffffffd3][0xffffffc3][0xffffffa4][0xffffff8e]hy[0xffffffd4]![0xffffffa8]>[0xffffff94][0x10][0xffffffcc]Q[0x1d][0xffffffc9][0xffffff90]8^s[0x12]o[0xfffffff1][0xffffffc2]I[\r]&[0xfffffff5][0x15]P'[0xfffffff8][0xffffffc0][0xffffff98][0xffffffc4]`[0x12]_[0x1]E[0xffffff86][0xffffffd4][0xffffff8a]9[0xffffff89][0xffffffc1]$[0xffffffbe]<N[0x13][0x1c]c[0xffffffd2][0xffffff82]I{9[0xfffffffc][0xffffffb2]$[\n]"
11:20:24.807 [main] DEBUG org.apache.hc.client5.http.wire -- http-outgoing-0 << "[0xffffff98][0xffffffc2]E[0xffffffab]5[0xffffffb1][0xffffffc8]e[0xffffff8e]u[0xffffffa2][0xffffff91][0xffffff9a]R[0xffffff95]i[0xffffffb0]Z4J[0xffffffd3]3uw:[0xffffffd3][0x16][\n]"
11:20:24.807 [main] DEBUG org.apache.hc.client5.http.wire -- http-outgoing-0 << "[0xffffffad][0xffffffca][0xffffff94][0x1c]g[0xffffffb0][0xffffffad][0xffffffc8][0xffffffc4]L[0x14]lZ[0xffffff8d][0x19]J[0xffffff94]A[0xffffffb7][\n]"
11:20:24.807 [main] DEBUG org.apache.hc.client5.http.wire -- http-outgoing-0 << "[0x13]eI[0xffffffa6][0xffffffaa][0xffffffd5][0xffffff97][0xffffff98][0xffffffb4][0xffffff82]e+/I[0xffffffb9]e,Zu[0xffffffe9]K[0xffffffe0]>[0xffffffb4][0xffffffda][0x12][0xffffffa0]P[0xffffffdf][0x9][0xffffffcb]L]++[0xffffffa1]l[0xffffff8c][0xffffff87]VT[0xffffffd6][0x14]aq[0xffffffb9][0x13][0xffffff95][0x19][0xffffff9a]FS[0xfffffffa][0xffffffe2][0x18][0x16][0xffffff99];E[0xffffff99][0xffffffa1][0xffffffba][0x17][0xffffff94][0x19][0xffffffca]FOZ^_4r[0xffffff92]][0xffffffc5][0xffffffa2]s'&3[0xfffffff4][0xffffff9d][0xffffff96][0xffffffcc][0xffffffd4]5R[0xffffffd2]1[0xffffff84]FH[0xfffffffa][0xffffffb2]<V[0xffffffa1]UG[0xffffffb2][0xfffffff7]X[0xffffff89]V[0x19][0xffffff89][0x9].T72[0x12]xR[0xffffffd5][0xffffffa8]H_6[0x1c][0xffffffcb][0xffffffd2]*"[0xffffffeb]famZE$[0xffffff9f]u[0xffffffac]O[0xffffffab][0xffffff86][0xffffffe4][0x13][0xffffff8d]5[0xffffffaa][0xffffff91][0xffffff90][0xffffffb2][0xffffff84][0xffffff8a][0xffffff85][0xffffffaa]U[0xffffff90]e-[0xffffffac]V[0xffffffab][0xffffff80]t<[0xffffffab]m[0xfffffff4]#[0x1f]e[0xffffffac]Z[0xffffffab]z[0xffffffac][0xffffff87][0x13]KW[0xffffffa3][0x1e][0xfffffff9]S[0xffffffc3][0xfffffffa][0xffffffd5][0xffffff88][0xffffffc7][0xffffffba]V[0x11]}[0xffffffc9][0xffffffb0][0xffffffa1]5[0xffffff8a][0xffffffe4][0xffffffcb]FQ|[0xffffffd9]([0xffffff82]/[0x1b]E[0xffffffef]e[0xffffffa3][0xffffffc8][0xffffffbd]l[0x14][0xffffffb5][0xffffff97][0xffffff8d]"[0xfffffff6][0xffffffb2]![0xffffffb3][0xffffffba][0xffffffcb][0xffffff86]h[0xc]C[0x1e][0xffffffb0][0xffffffc7][0xffffff86]<[0xffffffd0]e[0x1d]C[0x1e][0xffffffa8][0xffffff92][0xc][0x3][0xffffffd9][0xffffffb8][0xffffff93][0xffffff87][0xfffffff3][0xffffffe1][0xffffffb2]Pe[0x1b]~9[0xffffffbe]LMm|[0xffffffbb]N[0x8][0xfffffffe][0xffffffb3]8[0x1e][0xffffffa7]o[0xffffffd3][0xffffff89]f[0x1d][0xffffffdf]x[0xffffff86]T)[0xffffffa7][0xfffffff3][0xffffffe3][0xffffffc7]uW[0xffffffd9]#M[0xffffffb2][0xffffffbb]-[0xffffffcb][0xffffffe9][0xffffffba][0xfffffffb][0xffffff9c][0xffffffbe][0xffffff94]b[0xfffffff9]@t[0xffffffed][0xffffff80][0xffffffa5][0xffffffc7][0x1b]C[0xfffffffa]B[0xffffffb9][0xffffffff][0xffffff95][0xe][0xffffffe5]9f2S[0xffffffee]~[0xffffffa5]S[0xffffffe9] g[0xffffffca][0xffffffbd][0xffffffaf][0x4][0xffffff90][0xffffffd4][0xffffff9b]f[0xffffffca][0xffffff9d][0xffffffaf][0xffffffb4]x>0{[0xffffff89][0xffffffd6][0xffffffbe]WZ,[0xffffffb4][0xffffffae][0xffffffac]V[0xffffffbb]^i[0x0][0xffffffe7][0xffffff85]B[0xffffffb9][0xffffffe7][0xffffffc5]n[0xffffff81][0xffffffee]"
11:20:24.807 [main] DEBUG org.apache.hc.client5.http.wire -- http-outgoing-0 << "[0xfffffff6][0xc][0xffffffb9][0xffffffe1][0xffffff95][0xffffffda][0xffffffd1]MZ([0xffffffb7][0xffffffbb][0xffffffd8][0xffffffb9]j[0xffffffac]`[0xffffff85]r[0xffffffb3]+[0x15]~[0xffffffa9][0xffffff8e]g[0xffffffe0]V[0x17]{[0x13]S[0xffffff83][0xffffffa8]}.[0xffffffde][0x6][0xffffff96]z[0xffffff87]L[0xffffffb9][0xffffffcb]Ea-[0xffffffd6]y[0xffffffb9][0xffffffc7][0xffffffc5][0xffffffcb][0xffffffc2]R[0xffffffa7]E[0xffffff94];\,[0xfffffffd]T(2+[0xfffffffd][0xffffffad][0xffffffa4][0xffffffe8]Jb[0xffffffb8][0xffffffb9][0xffffffc5][0xffffffd0]Te[0xffffffa5][0xffffffb5][0xffffffc5][0x18]Le[0xffffffa5][0xffffffb1]E[0xffffffaf][0xffffffea][0xffffffca][0xffffffdc][0xffffffd6][0x6][0xffffffac]1ZfTZ[0xffffffda][0xffffff80][0xffffffa9][0xffffffd7]eT[0xffffffe9]g[0xffffff83]X[0x17]([0xffffffbd][0xffffffac][0xffffffa7]JW^,}[0xffffffac][0xffffffc7][0xffffffc0]2[0xffffffe1][0x1e][0xffffff96]v<o[0xc][0xfffffff7][0xffffffaf][0xe]s[^[0xffffffe3][0xffffffe6][0x15] [0xffffff94]-[0xffffffe1][0xffffffc6][0x15][0xfffffff0]H@[0xffffffce][0x5]w[0xffffffad][0xffffff96][0x12]\F[0xffffff95][0xffffff96][0xffffffd5]&[0xffffffe1][0xffffff92][0x8][0xffffffb7][0xffffffab]X[0x1a]lY[0xf][0xffffffab]W[0xffffffae][0xffffff9e][0xffffff81]}[0xffffffe2][0xffffffee][0x15][0xffffffef][0xffffffd9][0xffffffb2]U[0xffffffb5]s[0xffffffc5][0xffffff88][0xfffffff1][0xffffffdc]%V[0xffffffdb]V:[0xffffffb3][0xffffff99][0xffffff94][0xffffff96]U9>:[0xffffffdc][0xffffffad]*]I[0xffffffe9]T[0xffffffa9],[0x16]R[0xffffff9a]T[0xffffffa9]I.$dL|[0xffffffbf]L[0xffffff8f][0xfffffff3][0xfffffff9]z[0xffffffdb][0xffffff9f]N[0xffffffd3]1C[0x15][0xffffff81]nv[0xffffff9d][0xffffffcf][0xffffff89][0xffffff91][0x11]K[0x18][0xffffffa8][0xffffff90][0xffffffc3]7"b[0xffffff9d][0xffffffc4][0xffffffdb].[0xffffffef][0xffffff87][0xfffffff6][0x11]?,[0xffffffa3]C6[0x15][0x15][0x1d][0xffffffdc]i[0xffffff9f][0xffffffcf][0x8][0xfffffff6]gtec[0xffffffbd]~[0xfffffff8][0x7][0x18]<[0xfffffffe][0xffffff8d]h[0x13][0x0][0x0]"
11:20:24.808 [main] DEBUG org.apache.hc.client5.http.impl.classic.InternalHttpClient -- ep-0000000002 releasing valid endpoint
11:20:24.808 [main] DEBUG org.apache.hc.client5.http.impl.io.PoolingHttpClientConnectionManager -- ep-0000000002 releasing endpoint
11:20:24.808 [main] DEBUG org.apache.hc.client5.http.impl.io.PoolingHttpClientConnectionManager -- ep-0000000002 connection http-outgoing-0 can be kept alive for 3 MINUTES
11:20:24.808 [main] DEBUG org.apache.hc.client5.http.impl.io.PoolingHttpClientConnectionManager -- ep-0000000002 connection released [route: {s}->https://raw.githubusercontent.com:443][total available: 1; route allocated: 1 of 5; total allocated: 1 of 25]
11:20:24.808 [main] DEBUG io.github.bonigarcia.wdm.versions.VersionDetector -- Driver for firefox122 not found in online properties (using local versions.properties)
11:20:24.812 [main] DEBUG io.github.bonigarcia.wdm.WebDriverManager -- The driver version for FIREFOX 122 is unknown ... trying with latest
11:20:24.814 [main] INFO io.github.bonigarcia.wdm.WebDriverManager -- Reading https://raw.githubusercontent.com/bonigarcia/webdrivermanager/master/docs/mirror/geckodriver to seek geckodriver
11:20:24.863 [main] DEBUG org.apache.hc.client5.http.impl.classic.InternalHttpClient -- ex-0000000003 preparing request execution
11:20:24.864 [main] DEBUG org.apache.hc.client5.http.impl.classic.ProtocolExec -- ex-0000000003 target auth state: UNCHALLENGED
11:20:24.864 [main] DEBUG org.apache.hc.client5.http.impl.classic.ProtocolExec -- ex-0000000003 proxy auth state: UNCHALLENGED
11:20:24.864 [main] DEBUG org.apache.hc.client5.http.impl.classic.ConnectExec -- ex-0000000003 acquiring connection with route {s}->https://raw.githubusercontent.com:443
11:20:24.864 [main] DEBUG org.apache.hc.client5.http.impl.classic.InternalHttpClient -- ex-0000000003 acquiring endpoint (3 MINUTES)
11:20:24.864 [main] DEBUG org.apache.hc.client5.http.impl.io.PoolingHttpClientConnectionManager -- ex-0000000003 endpoint lease request (3 MINUTES) [route: {s}->https://raw.githubusercontent.com:443][total available: 1; route allocated: 1 of 5; total allocated: 1 of 25]
11:20:24.865 [main] DEBUG org.apache.hc.client5.http.impl.io.PoolingHttpClientConnectionManager -- ex-0000000003 endpoint leased [route: {s}->https://raw.githubusercontent.com:443][total available: 0; route allocated: 1 of 5; total allocated: 1 of 25]
11:20:24.865 [main] DEBUG org.apache.hc.client5.http.impl.io.PoolingHttpClientConnectionManager -- ex-0000000003 acquired ep-0000000003
11:20:24.865 [main] DEBUG org.apache.hc.client5.http.impl.classic.InternalHttpClient -- ex-0000000003 acquired endpoint ep-0000000003
11:20:24.867 [main] DEBUG org.apache.hc.client5.http.impl.classic.MainClientExec -- ex-0000000003 executing GET /bonigarcia/webdrivermanager/master/docs/mirror/geckodriver HTTP/1.1
11:20:24.867 [main] DEBUG org.apache.hc.client5.http.protocol.RequestAddCookies -- ex-0000000003 Cookie spec selected: strict
11:20:24.867 [main] DEBUG org.apache.hc.client5.http.impl.classic.InternalHttpClient -- ep-0000000003 start execution ex-0000000003
11:20:24.867 [main] DEBUG org.apache.hc.client5.http.impl.io.PoolingHttpClientConnectionManager -- ep-0000000003 executing exchange ex-0000000003 over http-outgoing-0
11:20:24.867 [main] DEBUG org.apache.hc.client5.http.headers -- http-outgoing-0 >> GET /bonigarcia/webdrivermanager/master/docs/mirror/geckodriver HTTP/1.1
11:20:24.867 [main] DEBUG org.apache.hc.client5.http.headers -- http-outgoing-0 >> user-agent: Apache-HttpClient/5.0
11:20:24.867 [main] DEBUG org.apache.hc.client5.http.headers -- http-outgoing-0 >> accept-encoding: gzip, deflate, br
11:20:24.867 [main] DEBUG org.apache.hc.client5.http.headers -- http-outgoing-0 >> cache-control: max-age=0
11:20:24.868 [main] DEBUG org.apache.hc.client5.http.headers -- http-outgoing-0 >> connection: keep-alive
11:20:24.868 [main] DEBUG org.apache.hc.client5.http.headers -- http-outgoing-0 >> Host: raw.githubusercontent.com
11:20:24.868 [main] DEBUG org.apache.hc.client5.http.wire -- http-outgoing-0 >> "GET /bonigarcia/webdrivermanager/master/docs/mirror/geckodriver HTTP/1.1[\r][\n]"
11:20:24.868 [main] DEBUG org.apache.hc.client5.http.wire -- http-outgoing-0 >> "user-agent: Apache-HttpClient/5.0[\r][\n]"
11:20:24.868 [main] DEBUG org.apache.hc.client5.http.wire -- http-outgoing-0 >> "accept-encoding: gzip, deflate, br[\r][\n]"
11:20:24.868 [main] DEBUG org.apache.hc.client5.http.wire -- http-outgoing-0 >> "cache-control: max-age=0[\r][\n]"
11:20:24.868 [main] DEBUG org.apache.hc.client5.http.wire -- http-outgoing-0 >> "connection: keep-alive[\r][\n]"
11:20:24.868 [main] DEBUG org.apache.hc.client5.http.wire -- http-outgoing-0 >> "Host: raw.githubusercontent.com[\r][\n]"
11:20:24.868 [main] DEBUG org.apache.hc.client5.http.wire -- http-outgoing-0 >> "[\r][\n]"
11:20:24.933 [main] DEBUG org.apache.hc.client5.http.wire -- http-outgoing-0 << "HTTP/1.1 200 OK[\r][\n]"
11:20:24.934 [main] DEBUG org.apache.hc.client5.http.wire -- http-outgoing-0 << "Connection: keep-alive[\r][\n]"
11:20:24.934 [main] DEBUG org.apache.hc.client5.http.wire -- http-outgoing-0 << "Content-Length: 1196[\r][\n]"
11:20:24.934 [main] DEBUG org.apache.hc.client5.http.wire -- http-outgoing-0 << "Cache-Control: max-age=300[\r][\n]"
11:20:24.934 [main] DEBUG org.apache.hc.client5.http.wire -- http-outgoing-0 << "Content-Security-Policy: default-src 'none'; style-src 'unsafe-inline'; sandbox[\r][\n]"
11:20:24.934 [main] DEBUG org.apache.hc.client5.http.wire -- http-outgoing-0 << "Content-Type: text/plain; charset=utf-8[\r][\n]"
11:20:24.934 [main] DEBUG org.apache.hc.client5.http.wire -- http-outgoing-0 << "ETag: W/"b12d7f74b21e329a8e0c2b182beeb9e045245985cb86eba4028db6f6dca4432b"[\r][\n]"
11:20:24.934 [main] DEBUG org.apache.hc.client5.http.wire -- http-outgoing-0 << "Strict-Transport-Security: max-age=31536000[\r][\n]"
11:20:24.934 [main] DEBUG org.apache.hc.client5.http.wire -- http-outgoing-0 << "X-Content-Type-Options: nosniff[\r][\n]"
11:20:24.935 [main] DEBUG org.apache.hc.client5.http.wire -- http-outgoing-0 << "X-Frame-Options: deny[\r][\n]"
11:20:24.935 [main] DEBUG org.apache.hc.client5.http.wire -- http-outgoing-0 << "X-XSS-Protection: 1; mode=block[\r][\n]"
11:20:24.935 [main] DEBUG org.apache.hc.client5.http.wire -- http-outgoing-0 << "X-GitHub-Request-Id: FBBC:19B6:12F8A1C:166C254:65BB3705[\r][\n]"
11:20:24.935 [main] DEBUG org.apache.hc.client5.http.wire -- http-outgoing-0 << "Content-Encoding: gzip[\r][\n]"
11:20:24.935 [main] DEBUG org.apache.hc.client5.http.wire -- http-outgoing-0 << "Accept-Ranges: bytes[\r][\n]"
11:20:24.935 [main] DEBUG org.apache.hc.client5.http.wire -- http-outgoing-0 << "Date: Thu, 01 Feb 2024 16:20:24 GMT[\r][\n]"
11:20:24.935 [main] DEBUG org.apache.hc.client5.http.wire -- http-outgoing-0 << "Via: 1.1 varnish[\r][\n]"
11:20:24.935 [main] DEBUG org.apache.hc.client5.http.wire -- http-outgoing-0 << "X-Served-By: cache-yyz4570-YYZ[\r][\n]"
11:20:24.936 [main] DEBUG org.apache.hc.client5.http.wire -- http-outgoing-0 << "X-Cache: HIT[\r][\n]"
11:20:24.936 [main] DEBUG org.apache.hc.client5.http.wire -- http-outgoing-0 << "X-Cache-Hits: 1[\r][\n]"
11:20:24.936 [main] DEBUG org.apache.hc.client5.http.wire -- http-outgoing-0 << "X-Timer: S1706804425.871125,VS0,VE58[\r][\n]"
11:20:24.936 [main] DEBUG org.apache.hc.client5.http.wire -- http-outgoing-0 << "Vary: Authorization,Accept-Encoding,Origin[\r][\n]"
11:20:24.936 [main] DEBUG org.apache.hc.client5.http.wire -- http-outgoing-0 << "Access-Control-Allow-Origin: *[\r][\n]"
11:20:24.936 [main] DEBUG org.apache.hc.client5.http.wire -- http-outgoing-0 << "Cross-Origin-Resource-Policy: cross-origin[\r][\n]"
11:20:24.936 [main] DEBUG org.apache.hc.client5.http.wire -- http-outgoing-0 << "X-Fastly-Request-ID: e80bd7af0f6bf7f2f94720df9674930dcf1a146a[\r][\n]"
11:20:24.936 [main] DEBUG org.apache.hc.client5.http.wire -- http-outgoing-0 << "Expires: Thu, 01 Feb 2024 16:25:24 GMT[\r][\n]"
11:20:24.936 [main] DEBUG org.apache.hc.client5.http.wire -- http-outgoing-0 << "Source-Age: 0[\r][\n]"
11:20:24.936 [main] DEBUG org.apache.hc.client5.http.wire -- http-outgoing-0 << "[\r][\n]"
11:20:24.937 [main] DEBUG org.apache.hc.client5.http.headers -- http-outgoing-0 << HTTP/1.1 200 OK
11:20:24.937 [main] DEBUG org.apache.hc.client5.http.headers -- http-outgoing-0 << Connection: keep-alive
11:20:24.937 [main] DEBUG org.apache.hc.client5.http.headers -- http-outgoing-0 << Content-Length: 1196
11:20:24.937 [main] DEBUG org.apache.hc.client5.http.headers -- http-outgoing-0 << Cache-Control: max-age=300
11:20:24.937 [main] DEBUG org.apache.hc.client5.http.headers -- http-outgoing-0 << Content-Security-Policy: default-src 'none'; style-src 'unsafe-inline'; sandbox
11:20:24.937 [main] DEBUG org.apache.hc.client5.http.headers -- http-outgoing-0 << Content-Type: text/plain; charset=utf-8
11:20:24.937 [main] DEBUG org.apache.hc.client5.http.headers -- http-outgoing-0 << ETag: W/"b12d7f74b21e329a8e0c2b182beeb9e045245985cb86eba4028db6f6dca4432b"
11:20:24.937 [main] DEBUG org.apache.hc.client5.http.headers -- http-outgoing-0 << Strict-Transport-Security: max-age=31536000
11:20:24.937 [main] DEBUG org.apache.hc.client5.http.headers -- http-outgoing-0 << X-Content-Type-Options: nosniff
11:20:24.937 [main] DEBUG org.apache.hc.client5.http.headers -- http-outgoing-0 << X-Frame-Options: deny
11:20:24.937 [main] DEBUG org.apache.hc.client5.http.headers -- http-outgoing-0 << X-XSS-Protection: 1; mode=block
11:20:24.937 [main] DEBUG org.apache.hc.client5.http.headers -- http-outgoing-0 << X-GitHub-Request-Id: FBBC:19B6:12F8A1C:166C254:65BB3705
11:20:24.937 [main] DEBUG org.apache.hc.client5.http.headers -- http-outgoing-0 << Content-Encoding: gzip
11:20:24.937 [main] DEBUG org.apache.hc.client5.http.headers -- http-outgoing-0 << Accept-Ranges: bytes
11:20:24.937 [main] DEBUG org.apache.hc.client5.http.headers -- http-outgoing-0 << Date: Thu, 01 Feb 2024 16:20:24 GMT
11:20:24.938 [main] DEBUG org.apache.hc.client5.http.headers -- http-outgoing-0 << Via: 1.1 varnish
11:20:24.938 [main] DEBUG org.apache.hc.client5.http.headers -- http-outgoing-0 << X-Served-By: cache-yyz4570-YYZ
11:20:24.938 [main] DEBUG org.apache.hc.client5.http.headers -- http-outgoing-0 << X-Cache: HIT
11:20:24.938 [main] DEBUG org.apache.hc.client5.http.headers -- http-outgoing-0 << X-Cache-Hits: 1
11:20:24.938 [main] DEBUG org.apache.hc.client5.http.headers -- http-outgoing-0 << X-Timer: S1706804425.871125,VS0,VE58
11:20:24.938 [main] DEBUG org.apache.hc.client5.http.headers -- http-outgoing-0 << Vary: Authorization,Accept-Encoding,Origin
11:20:24.938 [main] DEBUG org.apache.hc.client5.http.headers -- http-outgoing-0 << Access-Control-Allow-Origin: *
11:20:24.938 [main] DEBUG org.apache.hc.client5.http.headers -- http-outgoing-0 << Cross-Origin-Resource-Policy: cross-origin
11:20:24.938 [main] DEBUG org.apache.hc.client5.http.headers -- http-outgoing-0 << X-Fastly-Request-ID: e80bd7af0f6bf7f2f94720df9674930dcf1a146a
11:20:24.938 [main] DEBUG org.apache.hc.client5.http.headers -- http-outgoing-0 << Expires: Thu, 01 Feb 2024 16:25:24 GMT
11:20:24.938 [main] DEBUG org.apache.hc.client5.http.headers -- http-outgoing-0 << Source-Age: 0
11:20:24.938 [main] DEBUG org.apache.hc.client5.http.impl.classic.MainClientExec -- ex-0000000003 connection can be kept alive for 3 MINUTES
11:20:25.150 [main] DEBUG org.apache.hc.client5.http.wire -- http-outgoing-0 << "[0x1f][0xffffff8b][0x8][0x0][0x0][0x0][0x0][0x0][0x0][0x3][0xffffffcd][0xffffff9c][0xffffffd1]N[0x1a]A[0x14][0xffffff86][0xffffffef]y[\n]"
11:20:25.151 [main] DEBUG org.apache.hc.client5.http.wire -- http-outgoing-0 << "[0xffffffc2][0xffffffb5][0xffffffb0];[0xffffff8b].[0xffffffd6]W1[0xffffffc6][0xffffffac][0xffffffb8][0x5]R`[0xffffffcd].jc[0xffffffd3]w/C[0xffffffd1]4[0xfffffff6][0xffffff9c][0xffffff93]qn[0xffffffbe]s[0xffffffd1]4[0x1d][0xffffffaa]|3[0xffffffee][0xfffffff7][0xffffffff][0xffffffb0]9x;[0x1a][0xffffff8f][0x7f][0x1d][0xffffffff][0xffffff8c][0xffffffc7][0xffffff93]C[0xffffffb3][0xffffffba][0xffffffdf]7[0xffffffbb]vr3[0xffffff9e][0xffffffbc][0xffffff94][0xffffffb3][0xfffffff9][0xffffffe5][0xffffffac][0xffffff9c]\[0xfffffffc]}[0xffffffa8][0x19][0xffffff86][0xfffffff6]0[0x1c][0x1f][0xffffffb8]=[0xfffffffd][0xfffffffb][0xfffffffd]KN[0xffffff8f]=[0xfffffff4][0xffffffdd][0xffffffeb][0xffffffd0][0xfffffff6][0xfffffff7][0xffffff8f][0xffffffdd][0xffffffeb]~[0xffffffdb]5[0xffffff8f][0xfffffff7][0xffffffcf][0xfffffffd]6~[0xffffff8b][0xfffffff5][0xffffffe1][0xfffffff0]4[0xffffffdc][0x14][0xffffffc5]jsX??[0xffffffcc][0xffffff96][0xffffffdd][0xffffffae][0xffffffd8]uo[0xffffff9b][0xffffffed][0xffffffb6])V[0xffffffed][0xfffffff2]G[0xfffffff7][0xffffffd8]o^[0xffffffda][0xffffffbe][0xffffffe8][0xffffffdb]m[0xffffffdb][0xc][0xffffffed]P[0xffffffbc][0x7f]}q~[0xffffffee][0x7f][0xffffffff][0xffffffd7][0xfffffff4][0xffffffbc]6[0xffffffdd]n[0xfffffff6][0xffffffcf]?[0xffffffa7]M[0xffffffd3]/[0xffffffd7][0xfffffff5][0xffffffe5][0xffffffec][0xffffffd0][0xfffffff4][0xffffffb3][0xffffffd5][0xffffffdb][0xffffffe4][0xffffffcc][0xfffffff2][0xfffffffb][0xffffffc2]![0xffffffdc][0xffffffac][0x19][0xffffff96][0xffffffbe][0x0][0xffffffe7][0xffffff95][0xffffffcb]s[0xfffffffb][0xffffffc0][0xfffffff2]wbN[0xffffffaf]4[0xffffff9f][0xffffffd7][0xffffffd8][0xffffffae]Yv[0xffffff83]WCOp[0xffffffde][0xffffffa0]^7[0xfffffffb][0xffffff8f][0xfffffff3]z[0xffffffdb]<y[0xffffffe2]:J[0xffffffe9][0xffffff8c][0xffffffe8][0xffffffd3][0x19][0xffffff9d][0xfffffffe][0xffffffbe][0x1b][0xffffff9d][0xffffffd9][0xffffff94]"[0xffffff9b][0xffffff83]E6[0x17][0xffffffb6]2[0xfffffff7]Rd&[0x1c][0xffffffd7][0x13]iXH[0xffffffea][0xffffff99]hN[0x7f][0xffffff90]lOhh.z[0xffffffc2][0xffffff84][0xfffffff3][0x6]E[0xfffffff7][0xffffff84][0xffffffc1][0x5][0xfffffff5][0xffffff84]A[0xffffff94][0xffffffd3][0x13][0xffffffd5][0xffffffac][0xffffffc2]z[0xffffffe2][0xfffffff8][0xffffffdc][0xffffffff]m[0xffffffe5][0xffffffb8][0xffffffe6][0xffffffa3]'[0xffffffbe][0x2][0xffffff87][0xffffff84][0xffffff8c][0x9][0xffffffc8][0x15]Y[0x1a][0xffffff96][0xffffffbf][0x13]sz[0xffffffa5][0xfffffff9][0xffffffbc][0xffffffc6]\[0x14][0xffffff99][0x9][0xffffffe7][\r][0xffffff8a].2[0xffffff83][0xb]*2[0xffffff83]([0xffffffaf][0xffffffc8][0x2]XdA[0xffffffd8]J[0xfffffff0]Rd[0xffffffe9]pP[0xffffffc8][0x18][0xffffff80]d[0xffffff91][0xffffffa5]`[0xfffffff9];1[0xffffffa7]W[0xffffff9a][0xffffffcf]k[0xffffffcc]I[0xffffff91][0x19]p[0xffffffde][0xffffffa0][0xfffffff8]"S[0xffffffb9][0xffffffb0]"S[0xffffff89][0xfffffff2][0xffffff8a][0xffffff8c][0xffffffbb]sW[0x9]o.+/w[0xffffffee][0xffffffbe][0x2][0x7][0xffffff85][0xffffff8c][0x1]H[0x16]Y[\n]"
11:20:25.151 [main] DEBUG org.apache.hc.client5.http.wire -- http-outgoing-0 << "[0xffffff96][0xffffffbf][0x13]sz[0xffffffa5][0xfffffff9][0xffffffbc][0xffffffc6][0xffffff9c][0x14][0xffffff99][0x1][0xffffffe7][\r][0xffffff8a]/2[0xffffff95][0xb]+2[0xffffff95]([0xffffffa7][0xffffffc8][0x2]XdA[0xffffffd8]J[0xffffffe0][0xffffffa3]8[\r][0xb][0x9][0x16][0x13][0xffffff8d][0xffffff8b][0xffffff94]4,W'[0xffffffe6]"[0xffffff8a]M8oP\[0xffffffe4][0x19]D9[0xffffff91]W[0xffffff82][0xffffff91]W[\n]"
11:20:25.152 [main] DEBUG org.apache.hc.client5.http.wire -- http-outgoing-0 << "[)[0xfffffff9][0xffffffc8]K[0xffffffc3]B[0x4]6[0xffffffd1]8u[0xffffffd3][0xffffffb0]\[0xffffff9d][0xffffff98][0xffffff8b][0xffffffc8]3[0xffffffe1][0xffffffbc]Aq[0xffffff91]g[0x10]eD^[0xfffffff5][0xffffff8d][0xffffffbb][0xffffffef][0x1e][0xffffff9f][0xfffffffb][0xfffffff3]V[0xffffffe2][0x1a][0x1c]y[0xffffff89]X[0xffffff84][0xffffffc0]6[0x1a][0xffffffa6]n"[0xffffff96][0xffffffab][0x13][0xfffffff3][0x10]y6[0xffffff9c]7(,[0xfffffff2],[0xffffffa2][0xffffffbc][0xffffffc8][0xffffffc3]^[0xffffffe5][0xffffffc5][0xffffffe7][0x16][0xffffffb6]B[0xffffffbf][0xffffffca]K[0xffffffc4][0xffffff82][0x4]6[0xffffffd0]HuS[0xffffffb0]\[0xffffff9d][0x18][0xffffff9c]*2[0x14][0xffffff99]**QN[0xffffffaa]\[0xffffff83][0xffffffa9]r-l[0xffffffe5][0xffffff9a]O[0xffffff95]4,[0xffffffc4][0x11][0x13][0xffffff8d]K[0xffffff95]4,W'[0xffffff86][0xffffffa6][0xffffff8a][0x6][0xffffffc5][0xffffffa5][0xffffff8a]A[0xffffff94][0xffffff93]*[0xb]0U[0x16][0xffffffc2]V[0x16]|[0xffffffaa][0xffffffa4]a![0xffffff8e][0xffffff98]h\[0xffffffaa][0xffffffa4]a[0xffffffb9]:14U4(.U[0xc][0xffffffa2][0xffffff9c]T[0xffffffa9][0xffffffc1]T[0xffffffa9][0xffffff85][0xffffffad][0xffffffd4]|[0xffffffaa][0xffffff98]X[0xffffff9c][0xffffffba][0x1a][0x16][0xffffffea][0xffffff87][0x6][0xffffffc5][0xfffffff9]a[0x10][0xffffffe5][0xfffffff8]q[0x5][0xfffffffa]q%l[0xffffffe5][0xffffff8a][0xfffffff7][0xffffffc3][0xffffffc4][0xffffffe2][0xfffffffc][0xffffffd0][0xffffffb0]P?4([0xffffffce][0xf][0xffffff83]([0xffffffc7][0xf][0xfffffff0][0xffffffd7]lT[0xffffffc2][0x7][0xffffffad]+[0xfffffffe][0x17]E[0xffffffd8]X[0xffffff9c][0x1f][0x1a][0x16][0xffffffea][0xffffff87][0x6][0xffffffc5][0xfffffff9]a[0x10][0xffffffe5][0xfffffff8][0x1]~z[0xffffffbf][0x12]>`[0x1a][0xffffffd7][0xffffffa6]M[0xffffffbf][[0xffffffac][0xffffffbf]S?r[0xffffff8d][\n]"
11:20:25.152 [main] DEBUG org.apache.hc.client5.http.wire -- http-outgoing-0 << "[0xffffffb6][0xffffffd6][0xffffffc4][0xffffffe2][0xffffffac][0xffffffd5][0xffffffb0]Pk5([0xffffffce]Z[0xffffff83]([0xffffffc7]Zpr[0xffffffbf][0x12]f7[0xffffffe3][0x1a]l[0xffffffad]F[0x5][kbq[0xffffffd6]jX[0xffffffa8][0xffffffb5][0x1a][0x14]g[0xffffffad]A[0xffffff94]c-8[0xffffffa6]\[0x9][0xffffffe3][0xffffff87]q[\r][0xffffffb6]V[0xffffffa3][0xffffff82][0xffffffad]5[0xffffffb1]8k5,[0xffffffd4]Z[\r][0xffffff8a][0xffffffb3][0xffffffd6] [0xffffffca][0xffffffb1][0xffffffb6][0x4][0xffffffc7][0xffffffce]Ja[0xffffff9c][0xffffffe4][0xffffffb8][0x6][[0xffffffab]Q[0xffffffc1][0xffffffd6][0xffffff9a]X[0xffffff9c][0xffffffb5][0x1a][0x16]j[0xffffffad][0x6][0xffffffc5]Yk[0x10][0xffffffe5]Y[0xffffffcb]u[0xffffffad]0[0xfffffff7][0x1a][0xffffffd7]pke*[0xffffffdc]Z[0x3][0xffffff8b][0xffffffb4]V[0xffffffc6][0xffffff82][0xffffffad][0xffffff95][0xffffffa1]HkU[0xffffffa2][0xc]k[0x3]8[0xffffffe2][0x1d][0xffffff84][0xffffffd1][0xffffffcd][0xffffffb8][0xffffffc6]Z[0xffffffab]R[0xffffffb1][0xffffffd6][0xffffffda]X[0xffffff98][0xffffffb5]*[0x16]i[0xffffffad][\n]"
11:20:25.153 [main] DEBUG org.apache.hc.client5.http.wire -- http-outgoing-0 << "[0xffffff85]Yk[0x11][0xffffffe5]Y[0xffffff8b]um[0x10]F#[0xffffffe3][0x1a]n[0xffffffad]L[0xffffff85][k`[0xffffff91][0xffffffd6][0xffffffca]X[0xffffffb0][0xffffffb5]2[0x14]i[0xffffffad]J[0xffffff94]c-8[0x5][0x1c][0xffffff84][0xffffffd1][0xffffffc3][0xffffffb8][0x6][[0xffffffab]Q[0xffffffc1][0xffffffd6][0xffffff9a]X[0xffffff9c][0xffffffb5][0x1a][0x16]j[0xffffffad][0x6][0xffffffc5]Yk[0x10][0xffffffe5]X[0xb]N[0xffffffd9][0x6]a[0xffffffb4]/[0xffffffae][0xffffffc1][0xffffffd6]jT[0xffffffb0][0xffffffb5]&[0x16]g[0xffffffad][0xffffff86][0xffffff85]Z[0xffffffab]Aq[0xffffffd6][0x1a]D9[0xffffffd6][0xffffffd6][0xffffffe0][0xfffffffb][0xffffffda]Zx[0xffffffb1]_[0xffffffe3][0xffffffef]k5*X[0xf][\r][0xb][0xffffffd5]C[0xffffff83][0xffffffe2][0xfffffff4]0[0xffffff88][0xfffffff2][0xfffffff4][0xffffffe0]JM[0xffffff98][0xffffffc7][0xffffff8d]k[0xffffffb8][0x1e]2[0x15][0xffffffae][0xffffff87][0xffffff8c][0x5][0xffffffeb]!C[0xffffff91]z[0xffffffa8]D9z[0xffffff80]3[0xffffffde]A[0x18][0xffffffc7][0xffffff8d]k[0xffffffb0][0x1e][0x1a][0x15][0xffffffac][0xffffff87][0xffffff86][0xffffff85][0xffffffea][0xffffffa1]Aqz[0x18]D9z[0xffffff80]#[0xffffffde]A[0xffffff98][0xffffffc6][0xffffff8d]k[0xffffffb0][0x1e][0x1a][0x15][0xfffffffc][0xffffff96][0xffffffc8][0xffffffc4][0xffffffe2][0xffffffac][0xffffffd5][0xffffffb0]Pk5([0xffffffce]Z[0xffffff83]([0xffffffc7]Zp[0xfffffff0]<[0x8][0xffffffd3][0xffffffb8][0x1][0x1f]<W[0xffffffa9]`kM,[0xffffffce]Z[\r][0xb][0xffffffb5]V[0xffffff83][0xffffffe2][0xffffffac]5[0xffffff88]r[0xffffffac][0x5][0x7][0xffffffcf][0xffffff83]0[0xffffff8d][0x1b][0xfffffff0][0xffffffc1]s[0xffffff95][\n]"
11:20:25.153 [main] DEBUG org.apache.hc.client5.http.wire -- http-outgoing-0 << "[0xffffffb6][0xffffffd6][0xffffffc4][0xffffffe2][0xffffffac][0xffffffd5][0xffffffb0]Pk5([0xffffffce]Z[0xffffff83]([0xffffffc7][0xffffffda][0x0][0xffffffde]~[0xc][0xffffffc2][0xffffffad][0xffffffa2][0xffffff80][0xffffffdf]~[0xffffffd4][0xffffffa8]`kM,[0xffffffce]Z[\r][0xb][0xffffffb5]V[0xffffff83][0xffffffe2][0xffffffac]5[0xffffff88]TkGw[0xffffffa3]?H[0x2]R3%[0xffffff80][0x0][0x0]"
11:20:25.189 [main] DEBUG org.apache.hc.client5.http.impl.classic.InternalHttpClient -- ep-0000000003 releasing valid endpoint
11:20:25.189 [main] DEBUG org.apache.hc.client5.http.impl.io.PoolingHttpClientConnectionManager -- ep-0000000003 releasing endpoint
11:20:25.189 [main] DEBUG org.apache.hc.client5.http.impl.io.PoolingHttpClientConnectionManager -- ep-0000000003 connection http-outgoing-0 can be kept alive for 3 MINUTES
11:20:25.189 [main] DEBUG org.apache.hc.client5.http.impl.io.PoolingHttpClientConnectionManager -- ep-0000000003 connection released [route: {s}->https://raw.githubusercontent.com:443][total available: 1; route allocated: 1 of 5; total allocated: 1 of 25]
11:20:25.425 [main] DEBUG io.github.bonigarcia.wdm.WebDriverManager -- Driver to be downloaded geckodriver 0.34.0
11:20:25.434 [main] DEBUG io.github.bonigarcia.wdm.cache.ResolutionCache -- Storing resolution firefox=122 in cache (valid until 12:20:25 01/02/2024 GMT-05:00)
11:20:25.436 [main] DEBUG io.github.bonigarcia.wdm.cache.ResolutionCache -- Storing resolution firefox122=0.34.0 in cache (valid until 11:20:25 02/02/2024 GMT-05:00)
11:20:25.658 [main] INFO io.github.bonigarcia.wdm.WebDriverManager -- Exporting webdriver.gecko.driver as /Users/shishir/.cache/selenium/geckodriver/mac64/0.34.0/geckodriver
11:20:26.558 [main] DEBUG io.netty.util.internal.logging.InternalLoggerFactory -- Using SLF4J as the default logging framework
11:20:26.563 [main] DEBUG io.netty.util.ResourceLeakDetector -- -Dio.netty.leakDetection.level: simple
11:20:26.563 [main] DEBUG io.netty.util.ResourceLeakDetector -- -Dio.netty.leakDetection.targetRecords: 4
11:20:26.600 [main] DEBUG io.netty.util.ResourceLeakDetectorFactory -- Loaded default ResourceLeakDetector: io.netty.util.ResourceLeakDetector@1b4ae4e0
11:20:26.682 [main] DEBUG io.netty.util.internal.PlatformDependent0 -- -Dio.netty.noUnsafe: false
11:20:26.682 [main] DEBUG io.netty.util.internal.PlatformDependent0 -- Java version: 21
11:20:26.686 [main] DEBUG io.netty.util.internal.PlatformDependent0 -- sun.misc.Unsafe.theUnsafe: available
11:20:26.688 [main] DEBUG io.netty.util.internal.PlatformDependent0 -- sun.misc.Unsafe.copyMemory: available
11:20:26.689 [main] DEBUG io.netty.util.internal.PlatformDependent0 -- sun.misc.Unsafe.storeFence: available
11:20:26.691 [main] DEBUG io.netty.util.internal.PlatformDependent0 -- java.nio.Buffer.address: available
11:20:26.692 [main] DEBUG io.netty.util.internal.PlatformDependent0 -- direct buffer constructor: unavailable: Reflective setAccessible(true) disabled
11:20:26.693 [main] DEBUG io.netty.util.internal.PlatformDependent0 -- java.nio.Bits.unaligned: available, true
11:20:26.695 [main] DEBUG io.netty.util.internal.PlatformDependent0 -- jdk.internal.misc.Unsafe.allocateUninitializedArray(int): unavailable: class io.netty.util.internal.PlatformDependent0$7 cannot access class jdk.internal.misc.Unsafe (in module java.base) because module java.base does not export jdk.internal.misc to unnamed module @7526515b
11:20:26.725 [main] DEBUG io.netty.util.internal.PlatformDependent0 -- java.nio.DirectByteBuffer.<init>(long, {int,long}): unavailable
11:20:26.725 [main] DEBUG io.netty.util.internal.PlatformDependent -- sun.misc.Unsafe: available
11:20:26.738 [main] DEBUG io.netty.util.internal.PlatformDependent -- maxDirectMemory: 4294967296 bytes (maybe)
11:20:26.739 [main] DEBUG io.netty.util.internal.PlatformDependent -- -Dio.netty.tmpdir: /var/folders/py/zw2dl9f93zz228wqmlgg0lhw0000gn/T (java.io.tmpdir)
11:20:26.739 [main] DEBUG io.netty.util.internal.PlatformDependent -- -Dio.netty.bitMode: 64 (sun.arch.data.model)
11:20:26.739 [main] DEBUG io.netty.util.internal.PlatformDependent -- Platform: MacOS
11:20:26.741 [main] DEBUG io.netty.util.internal.PlatformDependent -- -Dio.netty.maxDirectMemory: -1 bytes
11:20:26.741 [main] DEBUG io.netty.util.internal.PlatformDependent -- -Dio.netty.uninitializedArrayAllocationThreshold: -1
11:20:26.743 [main] DEBUG io.netty.util.internal.CleanerJava9 -- java.nio.ByteBuffer.cleaner(): available
11:20:26.743 [main] DEBUG io.netty.util.internal.PlatformDependent -- -Dio.netty.noPreferDirect: false
11:20:26.777 [main] DEBUG io.netty.util.internal.PlatformDependent -- org.jctools-core.MpscChunkedArrayQueue: available
11:20:26.997 [main] DEBUG io.netty.util.internal.InternalThreadLocalMap -- -Dio.netty.threadLocalMap.stringBuilder.initialSize: 1024
11:20:26.997 [main] DEBUG io.netty.util.internal.InternalThreadLocalMap -- -Dio.netty.threadLocalMap.stringBuilder.maxSize: 4096
11:20:27.057 [main] DEBUG io.netty.handler.ssl.JdkSslContext -- Default protocols (JDK): [TLSv1.3, TLSv1.2] 
11:20:27.057 [main] DEBUG io.netty.handler.ssl.JdkSslContext -- Default cipher suites (JDK): [TLS_ECDHE_ECDSA_WITH_AES_256_GCM_SHA384, TLS_ECDHE_ECDSA_WITH_AES_128_GCM_SHA256, TLS_ECDHE_RSA_WITH_AES_128_GCM_SHA256, TLS_ECDHE_RSA_WITH_AES_256_GCM_SHA384, TLS_ECDHE_RSA_WITH_AES_128_CBC_SHA, TLS_ECDHE_RSA_WITH_AES_256_CBC_SHA, TLS_RSA_WITH_AES_128_GCM_SHA256, TLS_RSA_WITH_AES_128_CBC_SHA, TLS_RSA_WITH_AES_256_CBC_SHA, TLS_AES_128_GCM_SHA256, TLS_AES_256_GCM_SHA384]
11:20:27.132 [main] DEBUG io.netty.util.concurrent.GlobalEventExecutor -- -Dio.netty.globalEventExecutor.quietPeriodSeconds: 1
11:20:27.153 [main] DEBUG io.netty.channel.MultithreadEventLoopGroup -- -Dio.netty.eventLoopThreads: 8
11:20:27.165 [main] DEBUG io.netty.channel.nio.NioEventLoop -- -Dio.netty.noKeySetOptimization: false
11:20:27.165 [main] DEBUG io.netty.channel.nio.NioEventLoop -- -Dio.netty.selectorAutoRebuildThreshold: 512
11:20:27.241 [main] DEBUG io.netty.buffer.PooledByteBufAllocator -- -Dio.netty.allocator.numHeapArenas: 8
11:20:27.242 [main] DEBUG io.netty.buffer.PooledByteBufAllocator -- -Dio.netty.allocator.numDirectArenas: 8
11:20:27.242 [main] DEBUG io.netty.buffer.PooledByteBufAllocator -- -Dio.netty.allocator.pageSize: 8192
11:20:27.242 [main] DEBUG io.netty.buffer.PooledByteBufAllocator -- -Dio.netty.allocator.maxOrder: 9
11:20:27.242 [main] DEBUG io.netty.buffer.PooledByteBufAllocator -- -Dio.netty.allocator.chunkSize: 4194304
11:20:27.242 [main] DEBUG io.netty.buffer.PooledByteBufAllocator -- -Dio.netty.allocator.smallCacheSize: 256
11:20:27.242 [main] DEBUG io.netty.buffer.PooledByteBufAllocator -- -Dio.netty.allocator.normalCacheSize: 64
11:20:27.242 [main] DEBUG io.netty.buffer.PooledByteBufAllocator -- -Dio.netty.allocator.maxCachedBufferCapacity: 32768
11:20:27.242 [main] DEBUG io.netty.buffer.PooledByteBufAllocator -- -Dio.netty.allocator.cacheTrimInterval: 8192
11:20:27.242 [main] DEBUG io.netty.buffer.PooledByteBufAllocator -- -Dio.netty.allocator.cacheTrimIntervalMillis: 0
11:20:27.242 [main] DEBUG io.netty.buffer.PooledByteBufAllocator -- -Dio.netty.allocator.useCacheForAllThreads: false
11:20:27.242 [main] DEBUG io.netty.buffer.PooledByteBufAllocator -- -Dio.netty.allocator.maxCachedByteBuffersPerChunk: 1023
11:20:27.257 [main] DEBUG io.netty.buffer.ByteBufUtil -- -Dio.netty.allocator.type: pooled
11:20:27.257 [main] DEBUG io.netty.buffer.ByteBufUtil -- -Dio.netty.threadLocalDirectBufferSize: 0
11:20:27.257 [main] DEBUG io.netty.buffer.ByteBufUtil -- -Dio.netty.maxThreadLocalCharBufferSize: 16384
11:20:29.065 [Forwarding newSession on session null to remote] DEBUG io.netty.channel.DefaultChannelId -- -Dio.netty.processId: 65410 (auto-detected)
11:20:29.076 [Forwarding newSession on session null to remote] DEBUG io.netty.util.NetUtil -- -Djava.net.preferIPv4Stack: false
11:20:29.076 [Forwarding newSession on session null to remote] DEBUG io.netty.util.NetUtil -- -Djava.net.preferIPv6Addresses: false
11:20:29.092 [Forwarding newSession on session null to remote] DEBUG io.netty.util.NetUtilInitializations -- Loopback interface: lo0 (lo0, 0:0:0:0:0:0:0:1%lo0)
11:20:29.093 [Forwarding newSession on session null to remote] DEBUG io.netty.util.NetUtil -- Failed to get SOMAXCONN from sysctl and file /proc/sys/net/core/somaxconn. Default: 128
11:20:29.096 [Forwarding newSession on session null to remote] DEBUG io.netty.channel.DefaultChannelId -- -Dio.netty.machineId: 24:f0:94:ff:fe:e7:f5:56 (auto-detected)
11:20:29.276 [AsyncHttpClient-1-2] DEBUG io.netty.buffer.AbstractByteBuf -- -Dio.netty.buffer.checkAccessible: true
11:20:29.276 [AsyncHttpClient-1-2] DEBUG io.netty.buffer.AbstractByteBuf -- -Dio.netty.buffer.checkBounds: true
11:20:29.277 [AsyncHttpClient-1-2] DEBUG io.netty.util.ResourceLeakDetectorFactory -- Loaded default ResourceLeakDetector: io.netty.util.ResourceLeakDetector@17719d64
11:20:29.298 [AsyncHttpClient-1-2] DEBUG org.asynchttpclient.netty.channel.NettyConnectListener -- Using new Channel '[id: 0x11d72f3a, L:/127.0.0.1:61091 - R:localhost/127.0.0.1:20357]' for 'POST' to '/session'
11:20:29.319 [AsyncHttpClient-1-2] DEBUG io.netty.util.Recycler -- -Dio.netty.recycler.maxCapacityPerThread: 4096
11:20:29.319 [AsyncHttpClient-1-2] DEBUG io.netty.util.Recycler -- -Dio.netty.recycler.ratio: 8
11:20:29.319 [AsyncHttpClient-1-2] DEBUG io.netty.util.Recycler -- -Dio.netty.recycler.chunkSize: 32
11:20:29.319 [AsyncHttpClient-1-2] DEBUG io.netty.util.Recycler -- -Dio.netty.recycler.blocking: false
11:20:29.319 [AsyncHttpClient-1-2] DEBUG io.netty.util.Recycler -- -Dio.netty.recycler.batchFastThreadLocalOnly: true
11:21:30.623 [AsyncHttpClient-1-2] DEBUG io.netty.handler.codec.compression.Brotli -- brotli4j not in the classpath; Brotli support will be unavailable.
11:21:30.624 [AsyncHttpClient-1-2] DEBUG org.asynchttpclient.netty.handler.HttpHandler -- 

Request DefaultHttpRequest(decodeResult: success, version: HTTP/1.1)
POST /session HTTP/1.1
User-Agent: selenium/4.13.0 (java mac)
Content-Length: 219
Content-Type: application/json; charset=utf-8
host: localhost:20357
accept: */*

Response DefaultHttpResponse(decodeResult: success, version: HTTP/1.1)
HTTP/1.1 200 OK
content-type: application/json; charset=utf-8
cache-control: no-cache
content-length: 751
date: Thu, 01 Feb 2024 16:20:29 GMT

11:21:30.945 [AsyncHttpClient-1-2] DEBUG org.asynchttpclient.netty.channel.ChannelManager -- Adding key: http://localhost:20357 for channel [id: 0x11d72f3a, L:/127.0.0.1:61091 - R:localhost/127.0.0.1:20357]
11:21:31.987 [AsyncHttpClient-1-1] DEBUG org.asynchttpclient.netty.channel.DefaultChannelPool -- Entry count for : http://localhost:20357 : 1
11:21:33.190 [AsyncHttpClient-1-1] DEBUG org.asynchttpclient.netty.channel.DefaultChannelPool -- Entry count for : http://localhost:20357 : 1
11:21:34.290 [AsyncHttpClient-1-1] DEBUG org.asynchttpclient.netty.channel.DefaultChannelPool -- Entry count for : http://localhost:20357 : 1
11:21:35.390 [AsyncHttpClient-1-1] DEBUG org.asynchttpclient.netty.channel.DefaultChannelPool -- Entry count for : http://localhost:20357 : 1
11:21:36.485 [AsyncHttpClient-1-1] DEBUG org.asynchttpclient.netty.channel.DefaultChannelPool -- Entry count for : http://localhost:20357 : 1
11:21:37.590 [AsyncHttpClient-1-1] DEBUG org.asynchttpclient.netty.channel.DefaultChannelPool -- Entry count for : http://localhost:20357 : 1
11:21:38.177 [AsyncHttpClient-1-3] DEBUG org.asynchttpclient.netty.channel.NettyConnectListener -- Using new Channel '[id: 0xf8052cca, L:/127.0.0.1:61255 - R:/127.0.0.1:39739]' for 'GET' to '/json/version'
11:21:38.186 [AsyncHttpClient-1-3] DEBUG org.asynchttpclient.netty.handler.HttpHandler -- 

Request DefaultFullHttpRequest(decodeResult: success, version: HTTP/1.1, content: EmptyByteBufBE)
GET /json/version HTTP/1.1
User-Agent: selenium/4.13.0 (java mac)
host: 127.0.0.1:39739
accept: */*

Response DefaultHttpResponse(decodeResult: success, version: HTTP/1.1)
HTTP/1.1 200 OK
content-type: application/json
content-security-policy: frame-ancestors 'none'
connection: close
server: httpd.js
date: Thu, 01 Feb 2024 16:21:38 GMT

11:21:38.509 [AsyncHttpClient-1-3] DEBUG org.asynchttpclient.netty.channel.ChannelManager -- Closing Channel [id: 0xf8052cca, L:/127.0.0.1:61255 ! R:/127.0.0.1:39739] 
11:21:38.510 [AsyncHttpClient-1-3] DEBUG org.asynchttpclient.netty.handler.HttpHandler -- Channel Closed: [id: 0xf8052cca, L:/127.0.0.1:61255 ! R:/127.0.0.1:39739] with attribute DISCARD
11:21:38.688 [AsyncHttpClient-1-1] DEBUG org.asynchttpclient.netty.channel.DefaultChannelPool -- Entry count for : http://localhost:20357 : 1
11:21:39.746 [Forwarding setTimeout on session 192f74e6-2f30-475d-9748-081e7a28cd9b to remote] DEBUG org.asynchttpclient.netty.request.NettyRequestSender -- Using pooled Channel '[id: 0x11d72f3a, L:/127.0.0.1:61091 - R:localhost/127.0.0.1:20357]' for 'POST' to 'http://localhost:20357/session/192f74e6-2f30-475d-9748-081e7a28cd9b/timeouts'
11:21:39.747 [Forwarding setTimeout on session 192f74e6-2f30-475d-9748-081e7a28cd9b to remote] DEBUG org.asynchttpclient.netty.request.NettyRequestSender -- Using open Channel [id: 0x11d72f3a, L:/127.0.0.1:61091 - R:localhost/127.0.0.1:20357] for POST '/session/192f74e6-2f30-475d-9748-081e7a28cd9b/timeouts'
11:21:39.896 [AsyncHttpClient-1-2] DEBUG org.asynchttpclient.netty.handler.HttpHandler -- 

Request DefaultHttpRequest(decodeResult: success, version: HTTP/1.1)
POST /session/192f74e6-2f30-475d-9748-081e7a28cd9b/timeouts HTTP/1.1
User-Agent: selenium/4.13.0 (java mac)
Content-Length: 22
Content-Type: application/json; charset=utf-8
host: localhost:20357
accept: */*

Response DefaultHttpResponse(decodeResult: success, version: HTTP/1.1)
HTTP/1.1 200 OK
content-type: application/json; charset=utf-8
cache-control: no-cache
content-length: 14
date: Thu, 01 Feb 2024 16:21:39 GMT

11:21:39.896 [AsyncHttpClient-1-2] DEBUG org.asynchttpclient.netty.channel.ChannelManager -- Adding key: http://localhost:20357 for channel [id: 0x11d72f3a, L:/127.0.0.1:61091 - R:localhost/127.0.0.1:20357]
11:21:39.900 [Forwarding maximizeCurrentWindow on session 192f74e6-2f30-475d-9748-081e7a28cd9b to remote] DEBUG org.asynchttpclient.netty.request.NettyRequestSender -- Using pooled Channel '[id: 0x11d72f3a, L:/127.0.0.1:61091 - R:localhost/127.0.0.1:20357]' for 'POST' to 'http://localhost:20357/session/192f74e6-2f30-475d-9748-081e7a28cd9b/window/maximize'
[...]
11:24:14.727 [AsyncHttpClient-1-6] DEBUG org.asynchttpclient.netty.handler.HttpHandler -- 

Request DefaultHttpRequest(decodeResult: success, version: HTTP/1.1)
POST /session/5d64af97-9549-4930-9589-c458b084e57a/element/e972aa5c-e018-4652-9f88-e566d4c0d7fa/click HTTP/1.1
User-Agent: selenium/4.13.0 (java mac)
Content-Length: 50
Content-Type: application/json; charset=utf-8
host: localhost:32508
accept: */*

Response DefaultHttpResponse(decodeResult: success, version: HTTP/1.1)
HTTP/1.1 200 OK
content-type: application/json; charset=utf-8
cache-control: no-cache
content-length: 14
date: Thu, 01 Feb 2024 16:24:13 GMT

11:24:14.727 [AsyncHttpClient-1-6] DEBUG org.asynchttpclient.netty.channel.ChannelManager -- Adding key: http://localhost:32508 for channel [id: 0x84207713, L:/127.0.0.1:63062 - R:localhost/127.0.0.1:32508]
11:24:14.732 [Forwarding findElement on session 5d64af97-9549-4930-9589-c458b084e57a to remote] DEBUG org.asynchttpclient.netty.request.NettyRequestSender -- Using pooled Channel '[id: 0x84207713, L:/127.0.0.1:63062 - R:localhost/127.0.0.1:32508]' for 'POST' to 'http://localhost:32508/session/5d64af97-9549-4930-9589-c458b084e57a/element'
11:24:14.732 [Forwarding findElement on session 5d64af97-9549-4930-9589-c458b084e57a to remote] DEBUG org.asynchttpclient.netty.request.NettyRequestSender -- Using open Channel [id: 0x84207713, L:/127.0.0.1:63062 - R:localhost/127.0.0.1:32508] for POST '/session/5d64af97-9549-4930-9589-c458b084e57a/element'
11:24:14.737 [AsyncHttpClient-1-6] DEBUG org.asynchttpclient.netty.handler.HttpHandler -- 

Request DefaultHttpRequest(decodeResult: success, version: HTTP/1.1)
POST /session/5d64af97-9549-4930-9589-c458b084e57a/element HTTP/1.1
User-Agent: selenium/4.13.0 (java mac)
Content-Length: 85
Content-Type: application/json; charset=utf-8
host: localhost:32508
accept: */*

Response DefaultHttpResponse(decodeResult: success, version: HTTP/1.1)
HTTP/1.1 200 OK
content-type: application/json; charset=utf-8
cache-control: no-cache
content-length: 88
date: Thu, 01 Feb 2024 16:24:13 GMT

11:24:14.738 [AsyncHttpClient-1-6] DEBUG org.asynchttpclient.netty.channel.ChannelManager -- Adding key: http://localhost:32508 for channel [id: 0x84207713, L:/127.0.0.1:63062 - R:localhost/127.0.0.1:32508]
11:24:14.744 [Forwarding actions on session 5d64af97-9549-4930-9589-c458b084e57a to remote] DEBUG org.asynchttpclient.netty.request.NettyRequestSender -- Using pooled Channel '[id: 0x84207713, L:/127.0.0.1:63062 - R:localhost/127.0.0.1:32508]' for 'POST' to 'http://localhost:32508/session/5d64af97-9549-4930-9589-c458b084e57a/actions'
11:24:14.744 [Forwarding actions on session 5d64af97-9549-4930-9589-c458b084e57a to remote] DEBUG org.asynchttpclient.netty.request.NettyRequestSender -- Using open Channel [id: 0x84207713, L:/127.0.0.1:63062 - R:localhost/127.0.0.1:32508] for POST '/session/5d64af97-9549-4930-9589-c458b084e57a/actions'
11:24:14.956 [AsyncHttpClient-1-6] DEBUG org.asynchttpclient.netty.handler.HttpHandler -- 

Request DefaultHttpRequest(decodeResult: success, version: HTTP/1.1)
POST /session/5d64af97-9549-4930-9589-c458b084e57a/actions HTTP/1.1
User-Agent: selenium/4.13.0 (java mac)
Content-Length: 2315
Content-Type: application/json; charset=utf-8
host: localhost:32508
accept: */*

Response DefaultHttpResponse(decodeResult: success, version: HTTP/1.1)
HTTP/1.1 200 OK
content-type: application/json; charset=utf-8
cache-control: no-cache
content-length: 14
date: Thu, 01 Feb 2024 16:24:13 GMT

11:24:14.956 [AsyncHttpClient-1-6] DEBUG org.asynchttpclient.netty.channel.ChannelManager -- Adding key: http://localhost:32508 for channel [id: 0x84207713, L:/127.0.0.1:63062 - R:localhost/127.0.0.1:32508]
11:24:14.958 [Forwarding findElement on session 5d64af97-9549-4930-9589-c458b084e57a to remote] DEBUG org.asynchttpclient.netty.request.NettyRequestSender -- Using pooled Channel '[id: 0x84207713, L:/127.0.0.1:63062 - R:localhost/127.0.0.1:32508]' for 'POST' to 'http://localhost:32508/session/5d64af97-9549-4930-9589-c458b084e57a/element'
11:24:14.958 [Forwarding findElement on session 5d64af97-9549-4930-9589-c458b084e57a to remote] DEBUG org.asynchttpclient.netty.request.NettyRequestSender -- Using open Channel [id: 0x84207713, L:/127.0.0.1:63062 - R:localhost/127.0.0.1:32508] for POST '/session/5d64af97-9549-4930-9589-c458b084e57a/element'
11:24:15.262 [AsyncHttpClient-1-6] DEBUG org.asynchttpclient.netty.handler.HttpHandler -- 

Request DefaultHttpRequest(decodeResult: success, version: HTTP/1.1)
POST /session/5d64af97-9549-4930-9589-c458b084e57a/element HTTP/1.1
User-Agent: selenium/4.13.0 (java mac)
Content-Length: 105
Content-Type: application/json; charset=utf-8
host: localhost:32508
accept: */*

Response DefaultHttpResponse(decodeResult: success, version: HTTP/1.1)
HTTP/1.1 200 OK
content-type: application/json; charset=utf-8
cache-control: no-cache
content-length: 88
date: Thu, 01 Feb 2024 16:24:13 GMT

11:24:15.263 [AsyncHttpClient-1-6] DEBUG org.asynchttpclient.netty.channel.ChannelManager -- Adding key: http://localhost:32508 for channel [id: 0x84207713, L:/127.0.0.1:63062 - R:localhost/127.0.0.1:32508]
11:24:15.266 [Forwarding isElementDisplayed on session 5d64af97-9549-4930-9589-c458b084e57a to remote] DEBUG org.asynchttpclient.netty.request.NettyRequestSender -- Using pooled Channel '[id: 0x84207713, L:/127.0.0.1:63062 - R:localhost/127.0.0.1:32508]' for 'POST' to 'http://localhost:32508/session/5d64af97-9549-4930-9589-c458b084e57a/execute/sync'
11:24:15.267 [Forwarding isElementDisplayed on session 5d64af97-9549-4930-9589-c458b084e57a to remote] DEBUG org.asynchttpclient.netty.request.NettyRequestSender -- Using open Channel [id: 0x84207713, L:/127.0.0.1:63062 - R:localhost/127.0.0.1:32508] for POST '/session/5d64af97-9549-4930-9589-c458b084e57a/execute/sync'
11:24:15.284 [AsyncHttpClient-1-6] DEBUG org.asynchttpclient.netty.handler.HttpHandler -- 

Request DefaultHttpRequest(decodeResult: success, version: HTTP/1.1)
POST /session/5d64af97-9549-4930-9589-c458b084e57a/execute/sync HTTP/1.1
User-Agent: selenium/4.13.0 (java mac)
Content-Length: 48807
Content-Type: application/json; charset=utf-8
host: localhost:32508
accept: */*

Response DefaultHttpResponse(decodeResult: success, version: HTTP/1.1)
HTTP/1.1 200 OK
content-type: application/json; charset=utf-8
cache-control: no-cache
content-length: 14
date: Thu, 01 Feb 2024 16:24:15 GMT

11:24:15.284 [AsyncHttpClient-1-6] DEBUG org.asynchttpclient.netty.channel.ChannelManager -- Adding key: http://localhost:32508 for channel [id: 0x84207713, L:/127.0.0.1:63062 - R:localhost/127.0.0.1:32508]
11:24:15.285 [Forwarding findElement on session 5d64af97-9549-4930-9589-c458b084e57a to remote] DEBUG org.asynchttpclient.netty.request.NettyRequestSender -- Using pooled Channel '[id: 0x84207713, L:/127.0.0.1:63062 - R:localhost/127.0.0.1:32508]' for 'POST' to 'http://localhost:32508/session/5d64af97-9549-4930-9589-c458b084e57a/element'
11:24:15.285 [Forwarding findElement on session 5d64af97-9549-4930-9589-c458b084e57a to remote] DEBUG org.asynchttpclient.netty.request.NettyRequestSender -- Using open Channel [id: 0x84207713, L:/127.0.0.1:63062 - R:localhost/127.0.0.1:32508] for POST '/session/5d64af97-9549-4930-9589-c458b084e57a/element'
11:24:15.289 [AsyncHttpClient-1-6] DEBUG org.asynchttpclient.netty.handler.HttpHandler -- 

Request DefaultHttpRequest(decodeResult: success, version: HTTP/1.1)
POST /session/5d64af97-9549-4930-9589-c458b084e57a/element HTTP/1.1
User-Agent: selenium/4.13.0 (java mac)
Content-Length: 105
Content-Type: application/json; charset=utf-8
host: localhost:32508
accept: */*

Response DefaultHttpResponse(decodeResult: success, version: HTTP/1.1)
HTTP/1.1 200 OK
content-type: application/json; charset=utf-8
cache-control: no-cache
content-length: 88
date: Thu, 01 Feb 2024 16:24:15 GMT

11:24:15.290 [AsyncHttpClient-1-6] DEBUG org.asynchttpclient.netty.channel.ChannelManager -- Adding key: http://localhost:32508 for channel [id: 0x84207713, L:/127.0.0.1:63062 - R:localhost/127.0.0.1:32508]
11:24:15.291 [Forwarding findElement on session 5d64af97-9549-4930-9589-c458b084e57a to remote] DEBUG org.asynchttpclient.netty.request.NettyRequestSender -- Using pooled Channel '[id: 0x84207713, L:/127.0.0.1:63062 - R:localhost/127.0.0.1:32508]' for 'POST' to 'http://localhost:32508/session/5d64af97-9549-4930-9589-c458b084e57a/element'
11:24:15.291 [Forwarding findElement on session 5d64af97-9549-4930-9589-c458b084e57a to remote] DEBUG org.asynchttpclient.netty.request.NettyRequestSender -- Using open Channel [id: 0x84207713, L:/127.0.0.1:63062 - R:localhost/127.0.0.1:32508] for POST '/session/5d64af97-9549-4930-9589-c458b084e57a/element'
11:24:15.296 [AsyncHttpClient-1-6] DEBUG org.asynchttpclient.netty.handler.HttpHandler -- 

Request DefaultHttpRequest(decodeResult: success, version: HTTP/1.1)
POST /session/5d64af97-9549-4930-9589-c458b084e57a/element HTTP/1.1
User-Agent: selenium/4.13.0 (java mac)
Content-Length: 76
Content-Type: application/json; charset=utf-8
host: localhost:32508
accept: */*

Response DefaultHttpResponse(decodeResult: success, version: HTTP/1.1)
HTTP/1.1 200 OK
content-type: application/json; charset=utf-8
cache-control: no-cache
content-length: 88
date: Thu, 01 Feb 2024 16:24:15 GMT

11:24:15.296 [AsyncHttpClient-1-6] DEBUG org.asynchttpclient.netty.channel.ChannelManager -- Adding key: http://localhost:32508 for channel [id: 0x84207713, L:/127.0.0.1:63062 - R:localhost/127.0.0.1:32508]
11:24:15.298 [Forwarding clickElement on session 5d64af97-9549-4930-9589-c458b084e57a to remote] DEBUG org.asynchttpclient.netty.request.NettyRequestSender -- Using pooled Channel '[id: 0x84207713, L:/127.0.0.1:63062 - R:localhost/127.0.0.1:32508]' for 'POST' to 'http://localhost:32508/session/5d64af97-9549-4930-9589-c458b084e57a/element/b1be11b6-821f-4980-9f23-08e9d6017bbb/click'
11:24:15.298 [Forwarding clickElement on session 5d64af97-9549-4930-9589-c458b084e57a to remote] DEBUG org.asynchttpclient.netty.request.NettyRequestSender -- Using open Channel [id: 0x84207713, L:/127.0.0.1:63062 - R:localhost/127.0.0.1:32508] for POST '/session/5d64af97-9549-4930-9589-c458b084e57a/element/b1be11b6-821f-4980-9f23-08e9d6017bbb/click'
11:24:15.511 [AsyncHttpClient-1-6] DEBUG org.asynchttpclient.netty.handler.HttpHandler -- 

Request DefaultHttpRequest(decodeResult: success, version: HTTP/1.1)
POST /session/5d64af97-9549-4930-9589-c458b084e57a/element/b1be11b6-821f-4980-9f23-08e9d6017bbb/click HTTP/1.1
User-Agent: selenium/4.13.0 (java mac)
Content-Length: 50
Content-Type: application/json; charset=utf-8
host: localhost:32508
accept: */*

Response DefaultHttpResponse(decodeResult: success, version: HTTP/1.1)
HTTP/1.1 200 OK
content-type: application/json; charset=utf-8
cache-control: no-cache
content-length: 14
date: Thu, 01 Feb 2024 16:24:15 GMT

11:24:15.512 [AsyncHttpClient-1-6] DEBUG org.asynchttpclient.netty.channel.ChannelManager -- Adding key: http://localhost:32508 for channel [id: 0x84207713, L:/127.0.0.1:63062 - R:localhost/127.0.0.1:32508]
11:24:15.513 [Forwarding findElement on session 5d64af97-9549-4930-9589-c458b084e57a to remote] DEBUG org.asynchttpclient.netty.request.NettyRequestSender -- Using pooled Channel '[id: 0x84207713, L:/127.0.0.1:63062 - R:localhost/127.0.0.1:32508]' for 'POST' to 'http://localhost:32508/session/5d64af97-9549-4930-9589-c458b084e57a/element'
11:24:15.514 [Forwarding findElement on session 5d64af97-9549-4930-9589-c458b084e57a to remote] DEBUG org.asynchttpclient.netty.request.NettyRequestSender -- Using open Channel [id: 0x84207713, L:/127.0.0.1:63062 - R:localhost/127.0.0.1:32508] for POST '/session/5d64af97-9549-4930-9589-c458b084e57a/element'
11:24:15.517 [AsyncHttpClient-1-6] DEBUG org.asynchttpclient.netty.handler.HttpHandler -- 

Request DefaultHttpRequest(decodeResult: success, version: HTTP/1.1)
POST /session/5d64af97-9549-4930-9589-c458b084e57a/element HTTP/1.1
User-Agent: selenium/4.13.0 (java mac)
Content-Length: 97
Content-Type: application/json; charset=utf-8
host: localhost:32508
accept: */*

Response DefaultHttpResponse(decodeResult: success, version: HTTP/1.1)
HTTP/1.1 200 OK
content-type: application/json; charset=utf-8
cache-control: no-cache
content-length: 88
date: Thu, 01 Feb 2024 16:24:15 GMT

11:24:15.517 [AsyncHttpClient-1-6] DEBUG org.asynchttpclient.netty.channel.ChannelManager -- Adding key: http://localhost:32508 for channel [id: 0x84207713, L:/127.0.0.1:63062 - R:localhost/127.0.0.1:32508]
11:24:15.519 [Forwarding clickElement on session 5d64af97-9549-4930-9589-c458b084e57a to remote] DEBUG org.asynchttpclient.netty.request.NettyRequestSender -- Using pooled Channel '[id: 0x84207713, L:/127.0.0.1:63062 - R:localhost/127.0.0.1:32508]' for 'POST' to 'http://localhost:32508/session/5d64af97-9549-4930-9589-c458b084e57a/element/7a8eb739-137f-4b1a-8cfd-b1d082b0267f/click'
11:24:15.519 [Forwarding clickElement on session 5d64af97-9549-4930-9589-c458b084e57a to remote] DEBUG org.asynchttpclient.netty.request.NettyRequestSender -- Using open Channel [id: 0x84207713, L:/127.0.0.1:63062 - R:localhost/127.0.0.1:32508] for POST '/session/5d64af97-9549-4930-9589-c458b084e57a/element/7a8eb739-137f-4b1a-8cfd-b1d082b0267f/click'
11:24:15.741 [AsyncHttpClient-1-6] DEBUG org.asynchttpclient.netty.handler.HttpHandler -- 

Request DefaultHttpRequest(decodeResult: success, version: HTTP/1.1)
POST /session/5d64af97-9549-4930-9589-c458b084e57a/element/7a8eb739-137f-4b1a-8cfd-b1d082b0267f/click HTTP/1.1
User-Agent: selenium/4.13.0 (java mac)
Content-Length: 50
Content-Type: application/json; charset=utf-8
host: localhost:32508
accept: */*

Response DefaultHttpResponse(decodeResult: success, version: HTTP/1.1)
HTTP/1.1 200 OK
content-type: application/json; charset=utf-8
cache-control: no-cache
content-length: 14
date: Thu, 01 Feb 2024 16:24:15 GMT

11:24:15.742 [AsyncHttpClient-1-6] DEBUG org.asynchttpclient.netty.channel.ChannelManager -- Adding key: http://localhost:32508 for channel [id: 0x84207713, L:/127.0.0.1:63062 - R:localhost/127.0.0.1:32508]
11:24:15.744 [Forwarding findElement on session 5d64af97-9549-4930-9589-c458b084e57a to remote] DEBUG org.asynchttpclient.netty.request.NettyRequestSender -- Using pooled Channel '[id: 0x84207713, L:/127.0.0.1:63062 - R:localhost/127.0.0.1:32508]' for 'POST' to 'http://localhost:32508/session/5d64af97-9549-4930-9589-c458b084e57a/element'
11:24:15.744 [Forwarding findElement on session 5d64af97-9549-4930-9589-c458b084e57a to remote] DEBUG org.asynchttpclient.netty.request.NettyRequestSender -- Using open Channel [id: 0x84207713, L:/127.0.0.1:63062 - R:localhost/127.0.0.1:32508] for POST '/session/5d64af97-9549-4930-9589-c458b084e57a/element'
11:24:15.858 [AsyncHttpClient-1-6] DEBUG org.asynchttpclient.netty.handler.HttpHandler -- 

Request DefaultHttpRequest(decodeResult: success, version: HTTP/1.1)
POST /session/5d64af97-9549-4930-9589-c458b084e57a/element HTTP/1.1
User-Agent: selenium/4.13.0 (java mac)
Content-Length: 57
Content-Type: application/json; charset=utf-8
host: localhost:32508
accept: */*

Response DefaultHttpResponse(decodeResult: success, version: HTTP/1.1)
HTTP/1.1 200 OK
content-type: application/json; charset=utf-8
cache-control: no-cache
content-length: 88
date: Thu, 01 Feb 2024 16:24:15 GMT

11:24:15.858 [AsyncHttpClient-1-6] DEBUG org.asynchttpclient.netty.channel.ChannelManager -- Adding key: http://localhost:32508 for channel [id: 0x84207713, L:/127.0.0.1:63062 - R:localhost/127.0.0.1:32508]
11:24:15.860 [Forwarding getElementText on session 5d64af97-9549-4930-9589-c458b084e57a to remote] DEBUG org.asynchttpclient.netty.request.NettyRequestSender -- Using pooled Channel '[id: 0x84207713, L:/127.0.0.1:63062 - R:localhost/127.0.0.1:32508]' for 'GET' to 'http://localhost:32508/session/5d64af97-9549-4930-9589-c458b084e57a/element/8e1d0367-ddd8-4353-85bb-7bd9edcbab10/text'
11:24:15.860 [Forwarding getElementText on session 5d64af97-9549-4930-9589-c458b084e57a to remote] DEBUG org.asynchttpclient.netty.request.NettyRequestSender -- Using open Channel [id: 0x84207713, L:/127.0.0.1:63062 - R:localhost/127.0.0.1:32508] for GET '/session/5d64af97-9549-4930-9589-c458b084e57a/element/8e1d0367-ddd8-4353-85bb-7bd9edcbab10/text'
11:24:15.877 [AsyncHttpClient-1-6] DEBUG org.asynchttpclient.netty.handler.HttpHandler -- 

Request DefaultFullHttpRequest(decodeResult: success, version: HTTP/1.1, content: EmptyByteBufBE)
GET /session/5d64af97-9549-4930-9589-c458b084e57a/element/8e1d0367-ddd8-4353-85bb-7bd9edcbab10/text HTTP/1.1
Cache-Control: no-cache
User-Agent: selenium/4.13.0 (java mac)
Content-Type: application/json; charset=utf-8
host: localhost:32508
accept: */*

Response DefaultHttpResponse(decodeResult: success, version: HTTP/1.1)
HTTP/1.1 200 OK
content-type: application/json; charset=utf-8
cache-control: no-cache
content-length: 35
date: Thu, 01 Feb 2024 16:24:15 GMT

11:24:15.877 [AsyncHttpClient-1-6] DEBUG org.asynchttpclient.netty.channel.ChannelManager -- Adding key: http://localhost:32508 for channel [id: 0x84207713, L:/127.0.0.1:63062 - R:localhost/127.0.0.1:32508]
THANKYOU FOR THE ORDER.
11:24:15.921 [AsyncHttpClient-1-8] DEBUG org.asynchttpclient.netty.channel.NettyConnectListener -- Using new Channel '[id: 0x2ca79023, L:/127.0.0.1:63215 - R:/127.0.0.1:22169]' for 'GET' to '/devtools/browser/4e066e7b-9a56-430b-a658-6e614b52b56d'
11:24:15.926 [AsyncHttpClient-1-8] DEBUG org.asynchttpclient.netty.handler.WebSocketHandler -- 

Request DefaultFullHttpRequest(decodeResult: success, version: HTTP/1.1, content: EmptyByteBufBE)
GET /devtools/browser/4e066e7b-9a56-430b-a658-6e614b52b56d HTTP/1.1
upgrade: websocket
connection: upgrade
sec-websocket-key: bn9o6L6ou4Np8l3/QqBXZw==
sec-websocket-version: 13
origin: http://127.0.0.1:22169
host: 127.0.0.1:22169
accept: */*
user-agent: AHC/2.1

Response DefaultHttpResponse(decodeResult: success, version: HTTP/1.1)
HTTP/1.1 101 Switching Protocols
Server: httpd.js
Upgrade: websocket
Connection: Upgrade
Sec-WebSocket-Accept: AnChz429ZdR7r1CrZUBThQ9NWNQ=
Content-Length: 0

11:24:15.967 [Driver Command Executor] DEBUG org.asynchttpclient.netty.request.NettyRequestSender -- Using pooled Channel '[id: 0x84207713, L:/127.0.0.1:63062 - R:localhost/127.0.0.1:32508]' for 'DELETE' to 'http://localhost:32508/session/5d64af97-9549-4930-9589-c458b084e57a'
11:24:15.967 [Driver Command Executor] DEBUG org.asynchttpclient.netty.request.NettyRequestSender -- Using open Channel [id: 0x84207713, L:/127.0.0.1:63062 - R:localhost/127.0.0.1:32508] for DELETE '/session/5d64af97-9549-4930-9589-c458b084e57a'
11:24:15.968 [AsyncHttpClient-1-8] DEBUG org.asynchttpclient.netty.handler.WebSocketHandler -- Channel Closed: [id: 0x2ca79023, L:/127.0.0.1:63215 ! R:/127.0.0.1:22169] with attribute DISCARD
11:24:17.360 [AsyncHttpClient-1-6] DEBUG org.asynchttpclient.netty.handler.HttpHandler -- 

Request DefaultFullHttpRequest(decodeResult: success, version: HTTP/1.1, content: EmptyByteBufBE)
DELETE /session/5d64af97-9549-4930-9589-c458b084e57a HTTP/1.1
User-Agent: selenium/4.13.0 (java mac)
Content-Type: application/json; charset=utf-8
host: localhost:32508
accept: */*

Response DefaultHttpResponse(decodeResult: success, version: HTTP/1.1)
HTTP/1.1 200 OK
content-type: application/json; charset=utf-8
cache-control: no-cache
content-length: 14
date: Thu, 01 Feb 2024 16:24:15 GMT

11:24:17.361 [AsyncHttpClient-1-6] DEBUG org.asynchttpclient.netty.channel.ChannelManager -- Adding key: http://localhost:32508 for channel [id: 0x84207713, L:/127.0.0.1:63062 - R:localhost/127.0.0.1:32508]
11:24:17.365 [AsyncHttpClient-1-6] DEBUG org.asynchttpclient.netty.handler.HttpHandler -- Channel Closed: [id: 0x84207713, L:/127.0.0.1:63062 ! R:localhost/127.0.0.1:32508] with attribute DISCARD
]]></system-out>
  </testcase>
</testsuite>