<?xml version="1.0" encoding="UTF-8"?>
<testng-results ignored="0" total="5" passed="5" failed="0" skipped="0">
  <reporter-output>
  </reporter-output>
  <suite started-at="2024-02-01T11:20:03 GMT-05:00" name="Suite" finished-at="2024-02-01T11:24:17 GMT-05:00" duration-ms="253987">
    <groups>
      <group name="ErrorHandling">
        <method signature="ErrorValidation.productValidationTest(java.util.HashMap)[pri:0, instance:selenium.ErrorValidation@5e7cd6cc]" name="productValidationTest" class="selenium.ErrorValidation"/>
      </group> <!-- ErrorHandling -->
      <group name="purchase">
        <method signature="ErrorValidation.productValidationTest(java.util.HashMap)[pri:0, instance:selenium.ErrorValidation@5e7cd6cc]" name="productValidationTest" class="selenium.ErrorValidation"/>
      </group> <!-- purchase -->
    </groups>
    <test started-at="2024-02-01T11:20:03 GMT-05:00" name="ErrorValidation" finished-at="2024-02-01T11:23:38 GMT-05:00" duration-ms="215308">
      <class name="selenium.ErrorValidation">
        <test-method is-config="true" signature="launchApplication()[pri:0, instance:selenium.ErrorValidation@5e7cd6cc]" started-at="2024-02-01T11:20:04 GMT-05:00" name="launchApplication" finished-at="2024-02-01T11:21:50 GMT-05:00" duration-ms="106522" status="PASS">
          <reporter-output>
          </reporter-output>
        </test-method> <!-- launchApplication -->
        <test-method signature="productValidationTest(java.util.HashMap)[pri:0, instance:selenium.ErrorValidation@5e7cd6cc]" started-at="2024-02-01T11:21:50 GMT-05:00" name="productValidationTest" data-provider="dataP" finished-at="2024-02-01T11:22:10 GMT-05:00" duration-ms="19806" status="PASS">
          <params>
            <param index="0">
              <value>
                <![CDATA[{password=12345678A@a, product=ZARA COAT 3, email=michaelscott@gmail.com}]]>
              </value>
            </param>
          </params>
          <reporter-output>
          </reporter-output>
        </test-method> <!-- productValidationTest -->
        <test-method is-config="true" signature="closeApplication()[pri:0, instance:selenium.ErrorValidation@5e7cd6cc]" started-at="2024-02-01T11:22:10 GMT-05:00" name="closeApplication" finished-at="2024-02-01T11:22:16 GMT-05:00" duration-ms="5625" status="PASS">
          <reporter-output>
          </reporter-output>
        </test-method> <!-- closeApplication -->
        <test-method is-config="true" signature="launchApplication()[pri:0, instance:selenium.ErrorValidation@5e7cd6cc]" started-at="2024-02-01T11:22:16 GMT-05:00" name="launchApplication" finished-at="2024-02-01T11:22:40 GMT-05:00" duration-ms="24558" status="PASS">
          <reporter-output>
          </reporter-output>
        </test-method> <!-- launchApplication -->
        <test-method signature="productValidationTest(java.util.HashMap)[pri:0, instance:selenium.ErrorValidation@5e7cd6cc]" started-at="2024-02-01T11:22:40 GMT-05:00" name="productValidationTest" data-provider="dataP" finished-at="2024-02-01T11:22:45 GMT-05:00" duration-ms="4998" status="PASS">
          <params>
            <param index="0">
              <value>
                <![CDATA[{password=qwertyuiop@1A, product=IPHONE 13 PRO, email=aparnasabb@gmail.com}]]>
              </value>
            </param>
          </params>
          <reporter-output>
          </reporter-output>
        </test-method> <!-- productValidationTest -->
        <test-method is-config="true" signature="closeApplication()[pri:0, instance:selenium.ErrorValidation@5e7cd6cc]" started-at="2024-02-01T11:22:45 GMT-05:00" name="closeApplication" finished-at="2024-02-01T11:22:49 GMT-05:00" duration-ms="3868" status="PASS">
          <reporter-output>
          </reporter-output>
        </test-method> <!-- closeApplication -->
        <test-method is-config="true" signature="launchApplication()[pri:0, instance:selenium.ErrorValidation@5e7cd6cc]" started-at="2024-02-01T11:22:49 GMT-05:00" name="launchApplication" finished-at="2024-02-01T11:23:09 GMT-05:00" duration-ms="19733" status="PASS">
          <reporter-output>
          </reporter-output>
        </test-method> <!-- launchApplication -->
        <test-method signature="loginValidationTest()[pri:0, instance:selenium.ErrorValidation@5e7cd6cc]" started-at="2024-02-01T11:23:09 GMT-05:00" name="loginValidationTest" finished-at="2024-02-01T11:23:10 GMT-05:00" duration-ms="619" status="PASS">
          <reporter-output>
          </reporter-output>
        </test-method> <!-- loginValidationTest -->
        <test-method is-config="true" signature="closeApplication()[pri:0, instance:selenium.ErrorValidation@5e7cd6cc]" started-at="2024-02-01T11:23:10 GMT-05:00" name="closeApplication" finished-at="2024-02-01T11:23:17 GMT-05:00" duration-ms="7504" status="PASS">
          <reporter-output>
          </reporter-output>
        </test-method> <!-- closeApplication -->
        <test-method is-config="true" signature="launchApplication()[pri:0, instance:selenium.ErrorValidation@5e7cd6cc]" started-at="2024-02-01T11:23:17 GMT-05:00" name="launchApplication" finished-at="2024-02-01T11:23:33 GMT-05:00" duration-ms="15594" status="PASS">
          <reporter-output>
          </reporter-output>
        </test-method> <!-- launchApplication -->
        <test-method signature="orderValidation()[pri:0, instance:selenium.ErrorValidation@5e7cd6cc]" started-at="2024-02-01T11:23:33 GMT-05:00" name="orderValidation" finished-at="2024-02-01T11:23:34 GMT-05:00" depends-on-methods="selenium.ErrorValidation.productValidationTest" duration-ms="1164" status="PASS">
          <reporter-output>
          </reporter-output>
        </test-method> <!-- orderValidation -->
        <test-method is-config="true" signature="closeApplication()[pri:0, instance:selenium.ErrorValidation@5e7cd6cc]" started-at="2024-02-01T11:23:34 GMT-05:00" name="closeApplication" finished-at="2024-02-01T11:23:38 GMT-05:00" duration-ms="4259" status="PASS">
          <reporter-output>
          </reporter-output>
        </test-method> <!-- closeApplication -->
      </class> <!-- selenium.ErrorValidation -->
    </test> <!-- ErrorValidation -->
    <test started-at="2024-02-01T11:23:44 GMT-05:00" name="TestOrder" finished-at="2024-02-01T11:24:17 GMT-05:00" duration-ms="33252">
      <class name="ecommerce.tests.TestOrder">
        <test-method is-config="true" signature="launchApplication()[pri:0, instance:ecommerce.tests.TestOrder@78452606]" started-at="2024-02-01T11:23:44 GMT-05:00" name="launchApplication" finished-at="2024-02-01T11:24:10 GMT-05:00" duration-ms="26753" status="PASS">
          <reporter-output>
          </reporter-output>
        </test-method> <!-- launchApplication -->
        <test-method signature="testMethod()[pri:0, instance:ecommerce.tests.TestOrder@78452606]" started-at="2024-02-01T11:24:10 GMT-05:00" name="testMethod" finished-at="2024-02-01T11:24:17 GMT-05:00" duration-ms="6493" status="PASS">
          <reporter-output>
          </reporter-output>
        </test-method> <!-- testMethod -->
        <test-method is-config="true" signature="closeApplication()[pri:0, instance:ecommerce.tests.TestOrder@78452606]" started-at="2024-02-01T11:24:17 GMT-05:00" name="closeApplication" finished-at="2024-02-01T11:24:17 GMT-05:00" duration-ms="1" status="PASS">
          <reporter-output>
          </reporter-output>
        </test-method> <!-- closeApplication -->
      </class> <!-- ecommerce.tests.TestOrder -->
    </test> <!-- TestOrder -->
  </suite> <!-- Suite -->
</testng-results>
