<?xml version="1.0" encoding="UTF-8"?>
<testng-results ignored="0" total="2" passed="2" failed="0" skipped="0">
  <reporter-output>
  </reporter-output>
  <suite started-at="2024-01-24T19:30:53 GMT-05:00" name="Default suite" finished-at="2024-01-24T19:31:23 GMT-05:00" duration-ms="29628">
    <groups>
      <group name="ErrorHandling">
        <method signature="ErrorValidation.productValidationTest(java.util.HashMap)[pri:0, instance:selenium.ErrorValidation@17f7cd29]" name="productValidationTest" class="selenium.ErrorValidation"/>
      </group> <!-- ErrorHandling -->
      <group name="purchase">
        <method signature="ErrorValidation.productValidationTest(java.util.HashMap)[pri:0, instance:selenium.ErrorValidation@17f7cd29]" name="productValidationTest" class="selenium.ErrorValidation"/>
      </group> <!-- purchase -->
    </groups>
    <test started-at="2024-01-24T19:30:53 GMT-05:00" name="Default test" finished-at="2024-01-24T19:31:23 GMT-05:00" duration-ms="29628">
      <class name="selenium.ErrorValidation">
        <test-method is-config="true" signature="launchApplication()[pri:0, instance:selenium.ErrorValidation@17f7cd29]" started-at="2024-01-24T19:30:54 GMT-05:00" name="launchApplication" finished-at="2024-01-24T19:31:02 GMT-05:00" duration-ms="8971" status="PASS">
          <reporter-output>
          </reporter-output>
        </test-method> <!-- launchApplication -->
        <test-method signature="productValidationTest(java.util.HashMap)[pri:0, instance:selenium.ErrorValidation@17f7cd29]" started-at="2024-01-24T19:31:02 GMT-05:00" name="productValidationTest" data-provider="dataP" finished-at="2024-01-24T19:31:08 GMT-05:00" duration-ms="5483" status="PASS">
          <params>
            <param index="0">
              <value>
                <![CDATA[{password=12345678A@a, product=ZARA COAT 3, email=michaelscott@gmail.com}]]>
              </value>
            </param>
          </params>
          <reporter-output>
          </reporter-output>
        </test-method> <!-- productValidationTest -->
        <test-method is-config="true" signature="closeApplication()[pri:0, instance:selenium.ErrorValidation@17f7cd29]" started-at="2024-01-24T19:31:08 GMT-05:00" name="closeApplication" finished-at="2024-01-24T19:31:08 GMT-05:00" duration-ms="234" status="PASS">
          <reporter-output>
          </reporter-output>
        </test-method> <!-- closeApplication -->
        <test-method is-config="true" signature="launchApplication()[pri:0, instance:selenium.ErrorValidation@17f7cd29]" started-at="2024-01-24T19:31:08 GMT-05:00" name="launchApplication" finished-at="2024-01-24T19:31:17 GMT-05:00" duration-ms="8715" status="PASS">
          <reporter-output>
          </reporter-output>
        </test-method> <!-- launchApplication -->
        <test-method signature="productValidationTest(java.util.HashMap)[pri:0, instance:selenium.ErrorValidation@17f7cd29]" started-at="2024-01-24T19:31:17 GMT-05:00" name="productValidationTest" data-provider="dataP" finished-at="2024-01-24T19:31:22 GMT-05:00" duration-ms="5558" status="PASS">
          <params>
            <param index="0">
              <value>
                <![CDATA[{password=qwertyuiop@1A, product=IPHONE 13 PRO, email=aparnasabb@gmail.com}]]>
              </value>
            </param>
          </params>
          <reporter-output>
          </reporter-output>
        </test-method> <!-- productValidationTest -->
        <test-method is-config="true" signature="closeApplication()[pri:0, instance:selenium.ErrorValidation@17f7cd29]" started-at="2024-01-24T19:31:22 GMT-05:00" name="closeApplication" finished-at="2024-01-24T19:31:23 GMT-05:00" duration-ms="261" status="PASS">
          <reporter-output>
          </reporter-output>
        </test-method> <!-- closeApplication -->
      </class> <!-- selenium.ErrorValidation -->
    </test> <!-- Default test -->
  </suite> <!-- Default suite -->
</testng-results>
